<?xml version="1.0" encoding="UTF-8"?>
<coverage generated="1727372591765" clover="3.2.0">
  <project timestamp="1727372591766" name="All files">
    <metrics statements="162" coveredstatements="159" conditionals="109" coveredconditionals="103" methods="32" coveredmethods="31" elements="303" coveredelements="293" complexity="0" loc="162" ncloc="162" packages="2" files="5" classes="5"/>
    <package name="src">
      <metrics statements="54" coveredstatements="53" conditionals="36" coveredconditionals="35" methods="6" coveredmethods="6"/>
      <file name="find-plus.mjs" path="/Users/zane/playground/find-plus/src/find-plus.mjs">
        <metrics statements="54" coveredstatements="53" conditionals="36" coveredconditionals="35" methods="6" coveredmethods="6"/>
        <line num="1" count="1" type="stmt"/>
        <line num="2" count="1" type="stmt"/>
        <line num="4" count="1" type="stmt"/>
        <line num="5" count="1" type="stmt"/>
        <line num="6" count="1" type="stmt"/>
        <line num="7" count="163" type="cond" truecount="6" falsecount="0"/>
        <line num="9" count="1" type="cond" truecount="1" falsecount="0"/>
        <line num="11" count="47" type="cond" truecount="1" falsecount="0"/>
        <line num="12" count="2" type="stmt"/>
        <line num="13" count="2" type="stmt"/>
        <line num="14" count="2" type="stmt"/>
        <line num="15" count="2" type="stmt"/>
        <line num="22" count="1" type="cond" truecount="1" falsecount="0"/>
        <line num="25" count="47" type="stmt"/>
        <line num="27" count="46" type="stmt"/>
        <line num="29" count="40" type="stmt"/>
        <line num="31" count="40" type="stmt"/>
        <line num="33" count="40" type="stmt"/>
        <line num="34" count="38" type="stmt"/>
        <line num="35" count="38" type="stmt"/>
        <line num="36" count="38" type="stmt"/>
        <line num="38" count="38" type="stmt"/>
        <line num="39" count="38" type="stmt"/>
        <line num="41" count="38" type="stmt"/>
        <line num="42" count="38" type="cond" truecount="4" falsecount="0"/>
        <line num="43" count="2" type="stmt"/>
        <line num="46" count="39" type="stmt"/>
        <line num="47" count="36" type="cond" truecount="3" falsecount="0"/>
        <line num="48" count="13" type="stmt"/>
        <line num="50" count="36" type="cond" truecount="3" falsecount="0"/>
        <line num="51" count="36" type="stmt"/>
        <line num="55" count="38" type="stmt"/>
        <line num="57" count="38" type="cond" truecount="3" falsecount="0"/>
        <line num="58" count="120" type="stmt"/>
        <line num="59" count="120" type="stmt"/>
        <line num="60" count="205" type="stmt"/>
        <line num="61" count="205" type="stmt"/>
        <line num="62" count="205" type="stmt"/>
        <line num="63" count="2498" type="stmt"/>
        <line num="64" count="2498" type="cond" truecount="0" falsecount="1"/>
        <line num="65" count="0" type="stmt"/>
        <line num="67" count="2887" type="stmt"/>
        <line num="69" count="2498" type="cond" truecount="4" falsecount="0"/>
        <line num="70" count="188" type="stmt"/>
        <line num="72" count="2498" type="cond" truecount="1" falsecount="0"/>
        <line num="73" count="1161" type="stmt"/>
        <line num="77" count="120" type="stmt"/>
        <line num="79" count="120" type="stmt"/>
        <line num="83" count="38" type="cond" truecount="1" falsecount="0"/>
        <line num="84" count="32" type="cond" truecount="2" falsecount="0"/>
        <line num="89" count="32" type="stmt"/>
        <line num="92" count="1174" type="stmt"/>
        <line num="94" count="38" type="stmt"/>
        <line num="95" count="1" type="stmt"/>
      </file>
    </package>
    <package name="src.lib">
      <metrics statements="108" coveredstatements="106" conditionals="73" coveredconditionals="68" methods="26" coveredmethods="25"/>
      <file name="add-implied-tests.mjs" path="/Users/zane/playground/find-plus/src/lib/add-implied-tests.mjs">
        <metrics statements="53" coveredstatements="52" conditionals="35" coveredconditionals="32" methods="20" coveredmethods="19"/>
        <line num="1" count="1" type="stmt"/>
        <line num="3" count="61" type="cond" truecount="6" falsecount="0"/>
        <line num="5" count="1" type="stmt"/>
        <line num="29" count="40" type="cond" truecount="1" falsecount="0"/>
        <line num="30" count="9" type="stmt"/>
        <line num="33" count="40" type="cond" truecount="2" falsecount="0"/>
        <line num="34" count="54" type="stmt"/>
        <line num="36" count="33" type="cond" truecount="2" falsecount="0"/>
        <line num="37" count="36" type="stmt"/>
        <line num="39" count="30" type="cond" truecount="2" falsecount="0"/>
        <line num="40" count="356" type="stmt"/>
        <line num="42" count="29" type="cond" truecount="2" falsecount="0"/>
        <line num="43" count="356" type="stmt"/>
        <line num="45" count="28" type="cond" truecount="2" falsecount="0"/>
        <line num="46" count="4" type="stmt"/>
        <line num="48" count="27" type="cond" truecount="1" falsecount="1"/>
        <line num="49" count="0" type="stmt"/>
        <line num="51" count="27" type="cond" truecount="1" falsecount="0"/>
        <line num="52" count="4" type="stmt"/>
        <line num="55" count="40" type="cond" truecount="1" falsecount="0"/>
        <line num="56" count="6" type="stmt"/>
        <line num="58" count="40" type="cond" truecount="1" falsecount="0"/>
        <line num="59" count="6" type="stmt"/>
        <line num="61" count="40" type="cond" truecount="1" falsecount="0"/>
        <line num="62" count="383" type="stmt"/>
        <line num="64" count="40" type="cond" truecount="1" falsecount="0"/>
        <line num="65" count="712" type="stmt"/>
        <line num="67" count="40" type="cond" truecount="1" falsecount="0"/>
        <line num="68" count="360" type="stmt"/>
        <line num="70" count="40" type="cond" truecount="1" falsecount="0"/>
        <line num="71" count="356" type="stmt"/>
        <line num="73" count="40" type="cond" truecount="1" falsecount="0"/>
        <line num="74" count="4" type="stmt"/>
        <line num="77" count="40" type="stmt"/>
        <line num="79" count="40" type="cond" truecount="1" falsecount="0"/>
        <line num="80" count="12" type="stmt"/>
        <line num="81" count="12" type="stmt"/>
        <line num="82" count="246" type="stmt"/>
        <line num="83" count="246" type="cond" truecount="2" falsecount="0"/>
        <line num="86" count="246" type="stmt"/>
        <line num="91" count="40" type="cond" truecount="1" falsecount="0"/>
        <line num="92" count="1" type="stmt"/>
        <line num="93" count="1" type="stmt"/>
        <line num="94" count="19" type="stmt"/>
        <line num="95" count="19" type="cond" truecount="1" falsecount="1"/>
        <line num="98" count="19" type="stmt"/>
        <line num="102" count="1" type="stmt"/>
        <line num="104" count="1" type="stmt"/>
        <line num="105" count="265" type="stmt"/>
        <line num="106" count="265" type="stmt"/>
        <line num="107" count="265" type="cond" truecount="1" falsecount="0"/>
        <line num="108" count="132" type="stmt"/>
        <line num="111" count="265" type="stmt"/>
      </file>
      <file name="check-root.mjs" path="/Users/zane/playground/find-plus/src/lib/check-root.mjs">
        <metrics statements="11" coveredstatements="11" conditionals="3" coveredconditionals="3" methods="1" coveredmethods="1"/>
        <line num="1" count="1" type="stmt"/>
        <line num="3" count="1" type="stmt"/>
        <line num="4" count="40" type="stmt"/>
        <line num="5" count="40" type="cond" truecount="2" falsecount="0"/>
        <line num="6" count="1" type="stmt"/>
        <line num="7" count="1" type="stmt"/>
        <line num="8" count="1" type="stmt"/>
        <line num="10" count="39" type="cond" truecount="1" falsecount="0"/>
        <line num="11" count="1" type="stmt"/>
        <line num="14" count="38" type="stmt"/>
        <line num="15" count="1" type="stmt"/>
      </file>
      <file name="sorters.mjs" path="/Users/zane/playground/find-plus/src/lib/sorters.mjs">
        <metrics statements="20" coveredstatements="19" conditionals="18" coveredconditionals="16" methods="4" coveredmethods="4"/>
        <line num="1" count="61" type="cond" truecount="6" falsecount="0"/>
        <line num="3" count="1" type="stmt"/>
        <line num="4" count="1672" type="cond" truecount="2" falsecount="0"/>
        <line num="5" count="1672" type="cond" truecount="2" falsecount="0"/>
        <line num="7" count="1672" type="stmt"/>
        <line num="8" count="1672" type="cond" truecount="2" falsecount="0"/>
        <line num="9" count="1" type="stmt"/>
        <line num="11" count="1" type="stmt"/>
        <line num="12" count="4" type="cond" truecount="1" falsecount="1"/>
        <line num="13" count="0" type="stmt"/>
        <line num="15" count="4" type="cond" truecount="2" falsecount="0"/>
        <line num="16" count="3" type="stmt"/>
        <line num="19" count="1" type="stmt"/>
        <line num="20" count="1" type="cond" truecount="1" falsecount="1"/>
        <line num="22" count="1" type="stmt"/>
        <line num="24" count="1" type="stmt"/>
        <line num="25" count="8" type="stmt"/>
        <line num="26" count="8" type="stmt"/>
        <line num="28" count="8" type="stmt"/>
        <line num="29" count="1" type="stmt"/>
      </file>
      <file name="verify-params.mjs" path="/Users/zane/playground/find-plus/src/lib/verify-params.mjs">
        <metrics statements="24" coveredstatements="24" conditionals="17" coveredconditionals="17" methods="1" coveredmethods="1"/>
        <line num="1" count="1" type="stmt"/>
        <line num="3" count="1" type="stmt"/>
        <line num="24" count="46" type="cond" truecount="3" falsecount="0"/>
        <line num="25" count="1" type="stmt"/>
        <line num="27" count="45" type="stmt"/>
        <line num="28" count="45" type="stmt"/>
        <line num="37" count="315" type="cond" truecount="1" falsecount="0"/>
        <line num="38" count="17" type="stmt"/>
        <line num="41" count="45" type="cond" truecount="1" falsecount="0"/>
        <line num="42" count="1" type="stmt"/>
        <line num="44" count="44" type="cond" truecount="4" falsecount="0"/>
        <line num="45" count="1" type="stmt"/>
        <line num="47" count="43" type="cond" truecount="3" falsecount="0"/>
        <line num="48" count="1" type="stmt"/>
        <line num="51" count="42" type="stmt"/>
        <line num="52" count="42" type="stmt"/>
        <line num="53" count="42" type="stmt"/>
        <line num="54" count="294" type="cond" truecount="1" falsecount="0"/>
        <line num="55" count="17" type="stmt"/>
        <line num="58" count="42" type="cond" truecount="1" falsecount="0"/>
        <line num="59" count="1" type="stmt"/>
        <line num="62" count="41" type="cond" truecount="3" falsecount="0"/>
        <line num="63" count="1" type="stmt"/>
        <line num="65" count="1" type="stmt"/>
      </file>
    </package>
  </project>
</coverage>
