<?xml version="1.0" encoding="UTF-8"?>
<coverage generated="1727712523474" clover="3.2.0">
  <project timestamp="1727712523474" name="All files">
    <metrics statements="237" coveredstatements="235" conditionals="133" coveredconditionals="126" methods="37" coveredmethods="37" elements="407" coveredelements="398" complexity="0" loc="237" ncloc="237" packages="2" files="8" classes="8"/>
    <package name="src">
      <metrics statements="26" coveredstatements="26" conditionals="6" coveredconditionals="5" methods="1" coveredmethods="1"/>
      <file name="find-plus.mjs" path="/Users/zane/playground/find-plus/src/find-plus.mjs">
        <metrics statements="26" coveredstatements="26" conditionals="6" coveredconditionals="5" methods="1" coveredmethods="1"/>
        <line num="1" count="1" type="stmt"/>
        <line num="2" count="1" type="stmt"/>
        <line num="3" count="1" type="stmt"/>
        <line num="4" count="1" type="stmt"/>
        <line num="5" count="1" type="stmt"/>
        <line num="7" count="1" type="cond" truecount="0" falsecount="1"/>
        <line num="9" count="63" type="cond" truecount="1" falsecount="0"/>
        <line num="10" count="2" type="stmt"/>
        <line num="11" count="2" type="stmt"/>
        <line num="12" count="2" type="stmt"/>
        <line num="13" count="2" type="stmt"/>
        <line num="15" count="63" type="cond" truecount="1" falsecount="0"/>
        <line num="16" count="1" type="stmt"/>
        <line num="17" count="1" type="stmt"/>
        <line num="18" count="1" type="stmt"/>
        <line num="24" count="63" type="stmt"/>
        <line num="26" count="63" type="stmt"/>
        <line num="28" count="56" type="stmt"/>
        <line num="29" count="56" type="stmt"/>
        <line num="32" count="56" type="stmt"/>
        <line num="35" count="54" type="cond" truecount="1" falsecount="0"/>
        <line num="36" count="48" type="stmt"/>
        <line num="37" count="48" type="stmt"/>
        <line num="40" count="54" type="stmt"/>
        <line num="42" count="54" type="stmt"/>
        <line num="43" count="1" type="stmt"/>
      </file>
    </package>
    <package name="src.lib">
      <metrics statements="211" coveredstatements="209" conditionals="127" coveredconditionals="121" methods="36" coveredmethods="36"/>
      <file name="add-fields-to-file.mjs" path="/Users/zane/playground/find-plus/src/lib/add-fields-to-file.mjs">
        <metrics statements="13" coveredstatements="13" conditionals="3" coveredconditionals="3" methods="1" coveredmethods="1"/>
        <line num="1" count="2" type="stmt"/>
        <line num="3" count="2" type="stmt"/>
        <line num="4" count="3142" type="stmt"/>
        <line num="7" count="3142" type="cond" truecount="1" falsecount="0"/>
        <line num="8" count="82" type="stmt"/>
        <line num="11" count="3142" type="stmt"/>
        <line num="15" count="3142" type="stmt"/>
        <line num="16" count="3142" type="cond" truecount="1" falsecount="0"/>
        <line num="17" count="3060" type="stmt"/>
        <line num="19" count="3142" type="cond" truecount="1" falsecount="0"/>
        <line num="20" count="82" type="stmt"/>
        <line num="23" count="3142" type="stmt"/>
        <line num="24" count="2" type="stmt"/>
      </file>
      <file name="add-implied-tests.mjs" path="/Users/zane/playground/find-plus/src/lib/add-implied-tests.mjs">
        <metrics statements="53" coveredstatements="53" conditionals="34" coveredconditionals="34" methods="20" coveredmethods="20"/>
        <line num="1" count="2" type="stmt"/>
        <line num="3" count="122" type="cond" truecount="6" falsecount="0"/>
        <line num="5" count="2" type="stmt"/>
        <line num="28" count="84" type="cond" truecount="1" falsecount="0"/>
        <line num="29" count="10" type="stmt"/>
        <line num="32" count="84" type="cond" truecount="2" falsecount="0"/>
        <line num="33" count="54" type="stmt"/>
        <line num="35" count="76" type="cond" truecount="2" falsecount="0"/>
        <line num="36" count="36" type="stmt"/>
        <line num="38" count="73" type="cond" truecount="2" falsecount="0"/>
        <line num="39" count="357" type="stmt"/>
        <line num="41" count="72" type="cond" truecount="2" falsecount="0"/>
        <line num="42" count="357" type="stmt"/>
        <line num="44" count="71" type="cond" truecount="2" falsecount="0"/>
        <line num="45" count="4" type="stmt"/>
        <line num="47" count="70" type="cond" truecount="2" falsecount="0"/>
        <line num="48" count="3" type="stmt"/>
        <line num="50" count="69" type="cond" truecount="1" falsecount="0"/>
        <line num="51" count="4" type="stmt"/>
        <line num="54" count="84" type="cond" truecount="1" falsecount="0"/>
        <line num="55" count="12" type="stmt"/>
        <line num="57" count="84" type="cond" truecount="1" falsecount="0"/>
        <line num="58" count="17" type="stmt"/>
        <line num="60" count="84" type="cond" truecount="1" falsecount="0"/>
        <line num="61" count="384" type="stmt"/>
        <line num="63" count="84" type="cond" truecount="1" falsecount="0"/>
        <line num="64" count="714" type="stmt"/>
        <line num="66" count="84" type="cond" truecount="1" falsecount="0"/>
        <line num="67" count="361" type="stmt"/>
        <line num="69" count="84" type="cond" truecount="1" falsecount="0"/>
        <line num="70" count="360" type="stmt"/>
        <line num="72" count="84" type="cond" truecount="1" falsecount="0"/>
        <line num="73" count="16" type="stmt"/>
        <line num="76" count="84" type="stmt"/>
        <line num="78" count="84" type="cond" truecount="1" falsecount="0"/>
        <line num="79" count="42" type="stmt"/>
        <line num="80" count="42" type="stmt"/>
        <line num="81" count="714" type="stmt"/>
        <line num="82" count="714" type="cond" truecount="2" falsecount="0"/>
        <line num="85" count="714" type="stmt"/>
        <line num="90" count="84" type="cond" truecount="1" falsecount="0"/>
        <line num="91" count="13" type="stmt"/>
        <line num="92" count="19" type="stmt"/>
        <line num="93" count="226" type="stmt"/>
        <line num="94" count="226" type="cond" truecount="2" falsecount="0"/>
        <line num="97" count="226" type="stmt"/>
        <line num="101" count="2" type="stmt"/>
        <line num="103" count="2" type="stmt"/>
        <line num="104" count="940" type="stmt"/>
        <line num="105" count="940" type="stmt"/>
        <line num="106" count="940" type="cond" truecount="1" falsecount="0"/>
        <line num="107" count="571" type="stmt"/>
        <line num="110" count="940" type="stmt"/>
      </file>
      <file name="check-root.mjs" path="/Users/zane/playground/find-plus/src/lib/check-root.mjs">
        <metrics statements="17" coveredstatements="16" conditionals="8" coveredconditionals="8" methods="2" coveredmethods="2"/>
        <line num="1" count="2" type="stmt"/>
        <line num="2" count="2" type="stmt"/>
        <line num="4" count="122" type="cond" truecount="6" falsecount="0"/>
        <line num="6" count="2" type="stmt"/>
        <line num="8" count="84" type="stmt"/>
        <line num="9" count="84" type="stmt"/>
        <line num="12" count="1" type="cond" truecount="1" falsecount="0"/>
        <line num="13" count="1" type="stmt"/>
        <line num="14" count="1" type="stmt"/>
        <line num="15" count="1" type="stmt"/>
        <line num="17" count="0" type="stmt"/>
        <line num="20" count="83" type="cond" truecount="1" falsecount="0"/>
        <line num="21" count="1" type="stmt"/>
        <line num="24" count="82" type="stmt"/>
        <line num="25" count="82" type="stmt"/>
        <line num="27" count="82" type="stmt"/>
        <line num="28" count="2" type="stmt"/>
      </file>
      <file name="dir-ent-to-file-path.mjs" path="/Users/zane/playground/find-plus/src/lib/dir-ent-to-file-path.mjs">
        <metrics statements="6" coveredstatements="6" conditionals="2" coveredconditionals="2" methods="1" coveredmethods="1"/>
        <line num="1" count="2" type="stmt"/>
        <line num="3" count="2" type="stmt"/>
        <line num="4" count="1831" type="stmt"/>
        <line num="5" count="1831" type="stmt"/>
        <line num="7" count="1831" type="cond" truecount="2" falsecount="0"/>
        <line num="8" count="2" type="stmt"/>
      </file>
      <file name="sorters.mjs" path="/Users/zane/playground/find-plus/src/lib/sorters.mjs">
        <metrics statements="21" coveredstatements="20" conditionals="18" coveredconditionals="13" methods="4" coveredmethods="4"/>
        <line num="1" count="61" type="cond" truecount="6" falsecount="0"/>
        <line num="3" count="1" type="stmt"/>
        <line num="4" count="1153" type="cond" truecount="1" falsecount="1"/>
        <line num="5" count="0" type="stmt"/>
        <line num="7" count="1153" type="cond" truecount="2" falsecount="0"/>
        <line num="8" count="26" type="stmt"/>
        <line num="11" count="1127" type="stmt"/>
        <line num="12" count="1127" type="cond" truecount="1" falsecount="1"/>
        <line num="14" count="1" type="stmt"/>
        <line num="16" count="1" type="stmt"/>
        <line num="17" count="9" type="cond" truecount="1" falsecount="1"/>
        <line num="18" count="9" type="cond" truecount="1" falsecount="1"/>
        <line num="20" count="9" type="stmt"/>
        <line num="21" count="9" type="cond" truecount="1" falsecount="1"/>
        <line num="22" count="1" type="stmt"/>
        <line num="24" count="1" type="stmt"/>
        <line num="25" count="8" type="stmt"/>
        <line num="26" count="8" type="stmt"/>
        <line num="28" count="8" type="stmt"/>
        <line num="29" count="1" type="stmt"/>
        <line num="31" count="1" type="stmt"/>
      </file>
      <file name="traverse-dirs.mjs" path="/Users/zane/playground/find-plus/src/lib/traverse-dirs.mjs">
        <metrics statements="79" coveredstatements="79" conditionals="51" coveredconditionals="50" methods="7" coveredmethods="7"/>
        <line num="1" count="2" type="stmt"/>
        <line num="2" count="2" type="stmt"/>
        <line num="4" count="2" type="stmt"/>
        <line num="6" count="2" type="stmt"/>
        <line num="7" count="2" type="stmt"/>
        <line num="8" count="326" type="cond" truecount="6" falsecount="0"/>
        <line num="10" count="2" type="stmt"/>
        <line num="16" count="84" type="stmt"/>
        <line num="18" count="84" type="stmt"/>
        <line num="19" count="84" type="stmt"/>
        <line num="22" count="82" type="stmt"/>
        <line num="23" count="82" type="stmt"/>
        <line num="24" count="82" type="stmt"/>
        <line num="25" count="82" type="stmt"/>
        <line num="27" count="82" type="stmt"/>
        <line num="29" count="82" type="stmt"/>
        <line num="30" count="82" type="cond" truecount="2" falsecount="0"/>
        <line num="31" count="2" type="stmt"/>
        <line num="32" count="2" type="cond" truecount="2" falsecount="1"/>
        <line num="35" count="80" type="stmt"/>
        <line num="38" count="82" type="stmt"/>
        <line num="40" count="82" type="cond" truecount="3" falsecount="0"/>
        <line num="41" count="272" type="stmt"/>
        <line num="42" count="272" type="stmt"/>
        <line num="43" count="474" type="stmt"/>
        <line num="44" count="474" type="stmt"/>
        <line num="45" count="474" type="stmt"/>
        <line num="46" count="3060" type="stmt"/>
        <line num="48" count="3060" type="stmt"/>
        <line num="52" count="272" type="stmt"/>
        <line num="54" count="272" type="stmt"/>
        <line num="57" count="82" type="stmt"/>
        <line num="60" count="2" type="stmt"/>
        <line num="61" count="2" type="stmt"/>
        <line num="68" count="3140" type="stmt"/>
        <line num="70" count="3629" type="stmt"/>
        <line num="71" count="3140" type="cond" truecount="1" falsecount="0"/>
        <line num="72" count="1402" type="stmt"/>
        <line num="75" count="3140" type="cond" truecount="1" falsecount="0"/>
        <line num="76" count="607" type="stmt"/>
        <line num="77" count="607" type="stmt"/>
        <line num="80" count="607" type="cond" truecount="6" falsecount="0"/>
        <line num="81" count="147" type="stmt"/>
        <line num="82" count="147" type="cond" truecount="2" falsecount="0"/>
        <line num="86" count="607" type="cond" truecount="7" falsecount="0"/>
        <line num="89" count="415" type="stmt"/>
        <line num="90" count="415" type="stmt"/>
        <line num="91" count="415" type="stmt"/>
        <line num="92" count="415" type="stmt"/>
        <line num="94" count="415" type="cond" truecount="1" falsecount="0"/>
        <line num="95" count="104" type="stmt"/>
        <line num="96" count="104" type="stmt"/>
        <line num="97" count="760" type="stmt"/>
        <line num="100" count="760" type="cond" truecount="1" falsecount="0"/>
        <line num="101" count="11" type="stmt"/>
        <line num="103" count="749" type="cond" truecount="1" falsecount="0"/>
        <line num="104" count="1" type="stmt"/>
        <line num="109" count="403" type="cond" truecount="2" falsecount="0"/>
        <line num="110" count="403" type="cond" truecount="2" falsecount="0"/>
        <line num="111" count="453" type="stmt"/>
        <line num="112" count="453" type="cond" truecount="2" falsecount="0"/>
        <line num="113" count="96" type="stmt"/>
        <line num="115" count="357" type="cond" truecount="2" falsecount="0"/>
        <line num="116" count="48" type="cond" truecount="2" falsecount="0"/>
        <line num="118" count="24" type="stmt"/>
        <line num="121" count="24" type="stmt"/>
        <line num="125" count="309" type="stmt"/>
        <line num="129" count="283" type="stmt"/>
        <line num="131" count="283" type="stmt"/>
        <line num="135" count="607" type="cond" truecount="1" falsecount="0"/>
        <line num="136" count="494" type="stmt"/>
        <line num="137" count="494" type="cond" truecount="3" falsecount="0"/>
        <line num="142" count="2" type="stmt"/>
        <line num="143" count="562" type="cond" truecount="1" falsecount="0"/>
        <line num="144" count="159" type="stmt"/>
        <line num="147" count="403" type="stmt"/>
        <line num="148" count="403" type="cond" truecount="1" falsecount="0"/>
        <line num="149" count="403" type="stmt"/>
        <line num="152" count="403" type="stmt"/>
      </file>
      <file name="verify-params.mjs" path="/Users/zane/playground/find-plus/src/lib/verify-params.mjs">
        <metrics statements="22" coveredstatements="22" conditionals="11" coveredconditionals="11" methods="1" coveredmethods="1"/>
        <line num="1" count="1" type="stmt"/>
        <line num="3" count="1" type="stmt"/>
        <line num="24" count="63" type="cond" truecount="1" falsecount="0"/>
        <line num="25" count="3" type="stmt"/>
        <line num="29" count="60" type="cond" truecount="3" falsecount="0"/>
        <line num="30" count="1" type="stmt"/>
        <line num="32" count="59" type="stmt"/>
        <line num="33" count="59" type="stmt"/>
        <line num="42" count="413" type="cond" truecount="1" falsecount="0"/>
        <line num="43" count="18" type="stmt"/>
        <line num="46" count="59" type="cond" truecount="1" falsecount="0"/>
        <line num="47" count="1" type="stmt"/>
        <line num="50" count="58" type="stmt"/>
        <line num="51" count="58" type="stmt"/>
        <line num="52" count="58" type="stmt"/>
        <line num="53" count="406" type="cond" truecount="1" falsecount="0"/>
        <line num="54" count="21" type="stmt"/>
        <line num="57" count="58" type="cond" truecount="1" falsecount="0"/>
        <line num="58" count="1" type="stmt"/>
        <line num="61" count="57" type="cond" truecount="3" falsecount="0"/>
        <line num="62" count="1" type="stmt"/>
        <line num="64" count="1" type="stmt"/>
      </file>
    </package>
  </project>
</coverage>
