{"/Users/zane/playground/find-plus/src/find-plus.mjs": {"path":"/Users/zane/playground/find-plus/src/find-plus.mjs","statementMap":{"0":{"start":{"line":1,"column":0},"end":{"line":1,"column":null}},"1":{"start":{"line":2,"column":0},"end":{"line":2,"column":null}},"2":{"start":{"line":3,"column":0},"end":{"line":3,"column":null}},"3":{"start":{"line":4,"column":0},"end":{"line":4,"column":null}},"4":{"start":{"line":5,"column":0},"end":{"line":5,"column":null}},"5":{"start":{"line":7,"column":13},"end":{"line":43,"column":1}},"6":{"start":{"line":9,"column":2},"end":{"line":14,"column":null}},"7":{"start":{"line":10,"column":4},"end":{"line":10,"column":null}},"8":{"start":{"line":11,"column":4},"end":{"line":11,"column":null}},"9":{"start":{"line":12,"column":4},"end":{"line":12,"column":null}},"10":{"start":{"line":13,"column":4},"end":{"line":13,"column":null}},"11":{"start":{"line":20,"column":6},"end":{"line":20,"column":12}},"12":{"start":{"line":17,"column":8},"end":{"line":17,"column":17}},"13":{"start":{"line":22,"column":2},"end":{"line":22,"column":null}},"14":{"start":{"line":24,"column":18},"end":{"line":24,"column":28}},"15":{"start":{"line":25,"column":2},"end":{"line":25,"column":null}},"16":{"start":{"line":28,"column":23},"end":{"line":28,"column":79}},"17":{"start":{"line":31,"column":2},"end":{"line":38,"column":null}},"18":{"start":{"line":32,"column":19},"end":{"line":36,"column":42}},"19":{"start":{"line":37,"column":4},"end":{"line":37,"column":null}},"20":{"start":{"line":40,"column":17},"end":{"line":40,"column":51}},"21":{"start":{"line":42,"column":2},"end":{"line":42,"column":null}},"22":{"start":{"line":43,"column":1},"end":{"line":43,"column":null}}},"fnMap":{"0":{"name":"(anonymous_0)","decl":{"start":{"line":7,"column":13},"end":{"line":7,"column":19}},"loc":{"start":{"line":7,"column":35},"end":{"line":43,"column":1}}},"1":{"name":"(anonymous_1)","decl":{"start":{"line":17,"column":8},"end":{"line":17,"column":17}},"loc":{"start":{"line":17,"column":8},"end":{"line":17,"column":17}}}},"branchMap":{"0":{"loc":{"start":{"line":7,"column":19},"end":{"line":7,"column":30}},"type":"default-arg","locations":[{"start":{"line":7,"column":28},"end":{"line":7,"column":30}}]},"1":{"loc":{"start":{"line":9,"column":2},"end":{"line":14,"column":null}},"type":"if","locations":[{"start":{"line":9,"column":2},"end":{"line":14,"column":null}}]},"2":{"loc":{"start":{"line":17,"column":4},"end":{"line":17,"column":null}},"type":"default-arg","locations":[{"start":{"line":17,"column":8},"end":{"line":17,"column":null}}]},"3":{"loc":{"start":{"line":19,"column":4},"end":{"line":19,"column":null}},"type":"default-arg","locations":[{"start":{"line":19,"column":12},"end":{"line":19,"column":null}}]},"4":{"loc":{"start":{"line":31,"column":2},"end":{"line":38,"column":null}},"type":"if","locations":[{"start":{"line":31,"column":2},"end":{"line":38,"column":null}}]},"5":{"loc":{"start":{"line":32,"column":19},"end":{"line":36,"column":42}},"type":"cond-expr","locations":[{"start":{"line":33,"column":8},"end":{"line":33,"column":24}},{"start":{"line":34,"column":8},"end":{"line":36,"column":42}}]},"6":{"loc":{"start":{"line":34,"column":8},"end":{"line":36,"column":42}},"type":"cond-expr","locations":[{"start":{"line":35,"column":10},"end":{"line":35,"column":21}},{"start":{"line":36,"column":24},"end":{"line":36,"column":42}}]}},"s":{"0":1,"1":1,"2":1,"3":1,"4":1,"5":1,"6":47,"7":2,"8":2,"9":2,"10":2,"11":47,"12":1,"13":46,"14":40,"15":40,"16":40,"17":38,"18":32,"19":32,"20":38,"21":38,"22":1},"f":{"0":47,"1":1},"b":{"0":[1],"1":[2],"2":[1],"3":[44],"4":[32],"5":[1,31],"6":[1,30]}}
,"/Users/zane/playground/find-plus/src/lib/add-implied-tests.mjs": {"path":"/Users/zane/playground/find-plus/src/lib/add-implied-tests.mjs","statementMap":{"0":{"start":{"line":1,"column":0},"end":{"line":1,"column":null}},"1":{"start":{"line":3,"column":0},"end":{"line":3,"column":37}},"2":{"start":{"line":3,"column":37},"end":{"line":3,"column":null}},"3":{"start":{"line":5,"column":24},"end":{"line":102,"column":1}},"4":{"start":{"line":29,"column":2},"end":{"line":31,"column":null}},"5":{"start":{"line":30,"column":4},"end":{"line":30,"column":null}},"6":{"start":{"line":30,"column":38},"end":{"line":30,"column":57}},"7":{"start":{"line":33,"column":2},"end":{"line":53,"column":null}},"8":{"start":{"line":34,"column":4},"end":{"line":34,"column":null}},"9":{"start":{"line":34,"column":27},"end":{"line":34,"column":42}},"10":{"start":{"line":36,"column":7},"end":{"line":53,"column":null}},"11":{"start":{"line":37,"column":4},"end":{"line":37,"column":null}},"12":{"start":{"line":37,"column":27},"end":{"line":37,"column":37}},"13":{"start":{"line":39,"column":7},"end":{"line":53,"column":null}},"14":{"start":{"line":40,"column":4},"end":{"line":40,"column":null}},"15":{"start":{"line":40,"column":27},"end":{"line":40,"column":44}},"16":{"start":{"line":42,"column":7},"end":{"line":53,"column":null}},"17":{"start":{"line":43,"column":4},"end":{"line":43,"column":null}},"18":{"start":{"line":43,"column":27},"end":{"line":43,"column":48}},"19":{"start":{"line":45,"column":7},"end":{"line":53,"column":null}},"20":{"start":{"line":46,"column":4},"end":{"line":46,"column":null}},"21":{"start":{"line":46,"column":27},"end":{"line":46,"column":37}},"22":{"start":{"line":48,"column":7},"end":{"line":53,"column":null}},"23":{"start":{"line":49,"column":4},"end":{"line":49,"column":null}},"24":{"start":{"line":49,"column":27},"end":{"line":49,"column":39}},"25":{"start":{"line":51,"column":7},"end":{"line":53,"column":null}},"26":{"start":{"line":52,"column":4},"end":{"line":52,"column":null}},"27":{"start":{"line":52,"column":27},"end":{"line":52,"column":45}},"28":{"start":{"line":55,"column":2},"end":{"line":57,"column":null}},"29":{"start":{"line":56,"column":4},"end":{"line":56,"column":null}},"30":{"start":{"line":56,"column":27},"end":{"line":56,"column":43}},"31":{"start":{"line":58,"column":2},"end":{"line":60,"column":null}},"32":{"start":{"line":59,"column":4},"end":{"line":59,"column":null}},"33":{"start":{"line":59,"column":27},"end":{"line":59,"column":38}},"34":{"start":{"line":61,"column":2},"end":{"line":63,"column":null}},"35":{"start":{"line":62,"column":4},"end":{"line":62,"column":null}},"36":{"start":{"line":62,"column":27},"end":{"line":62,"column":45}},"37":{"start":{"line":64,"column":2},"end":{"line":66,"column":null}},"38":{"start":{"line":65,"column":4},"end":{"line":65,"column":null}},"39":{"start":{"line":65,"column":27},"end":{"line":65,"column":49}},"40":{"start":{"line":67,"column":2},"end":{"line":69,"column":null}},"41":{"start":{"line":68,"column":4},"end":{"line":68,"column":null}},"42":{"start":{"line":68,"column":27},"end":{"line":68,"column":38}},"43":{"start":{"line":70,"column":2},"end":{"line":72,"column":null}},"44":{"start":{"line":71,"column":4},"end":{"line":71,"column":null}},"45":{"start":{"line":71,"column":27},"end":{"line":71,"column":40}},"46":{"start":{"line":73,"column":2},"end":{"line":75,"column":null}},"47":{"start":{"line":74,"column":4},"end":{"line":74,"column":null}},"48":{"start":{"line":74,"column":27},"end":{"line":74,"column":46}},"49":{"start":{"line":77,"column":2},"end":{"line":77,"column":null}},"50":{"start":{"line":79,"column":2},"end":{"line":89,"column":null}},"51":{"start":{"line":80,"column":4},"end":{"line":88,"column":null}},"52":{"start":{"line":81,"column":6},"end":{"line":87,"column":null}},"53":{"start":{"line":82,"column":25},"end":{"line":82,"column":45}},"54":{"start":{"line":83,"column":32},"end":{"line":85,"column":34}},"55":{"start":{"line":86,"column":8},"end":{"line":86,"column":null}},"56":{"start":{"line":91,"column":2},"end":{"line":101,"column":null}},"57":{"start":{"line":92,"column":4},"end":{"line":100,"column":null}},"58":{"start":{"line":93,"column":6},"end":{"line":99,"column":null}},"59":{"start":{"line":94,"column":25},"end":{"line":94,"column":45}},"60":{"start":{"line":95,"column":32},"end":{"line":97,"column":34}},"61":{"start":{"line":98,"column":8},"end":{"line":98,"column":null}},"62":{"start":{"line":102,"column":1},"end":{"line":102,"column":null}},"63":{"start":{"line":104,"column":22},"end":{"line":112,"column":1}},"64":{"start":{"line":105,"column":31},"end":{"line":105,"column":37}},"65":{"start":{"line":106,"column":17},"end":{"line":106,"column":49}},"66":{"start":{"line":107,"column":2},"end":{"line":109,"column":null}},"67":{"start":{"line":108,"column":4},"end":{"line":108,"column":null}},"68":{"start":{"line":111,"column":2},"end":{"line":111,"column":null}}},"fnMap":{"0":{"name":"_getRequireWildcardCache","decl":{"start":{"line":3,"column":37},"end":{"line":3,"column":null}},"loc":{"start":{"line":3,"column":37},"end":{"line":3,"column":null}}},"1":{"name":"(anonymous_3)","decl":{"start":{"line":5,"column":24},"end":{"line":5,"column":25}},"loc":{"start":{"line":28,"column":6},"end":{"line":102,"column":1}}},"2":{"name":"(anonymous_4)","decl":{"start":{"line":30,"column":20},"end":{"line":30,"column":21}},"loc":{"start":{"line":30,"column":38},"end":{"line":30,"column":57}}},"3":{"name":"(anonymous_5)","decl":{"start":{"line":34,"column":21},"end":{"line":34,"column":22}},"loc":{"start":{"line":34,"column":27},"end":{"line":34,"column":42}}},"4":{"name":"(anonymous_6)","decl":{"start":{"line":37,"column":21},"end":{"line":37,"column":22}},"loc":{"start":{"line":37,"column":27},"end":{"line":37,"column":37}}},"5":{"name":"(anonymous_7)","decl":{"start":{"line":40,"column":21},"end":{"line":40,"column":22}},"loc":{"start":{"line":40,"column":27},"end":{"line":40,"column":44}}},"6":{"name":"(anonymous_8)","decl":{"start":{"line":43,"column":21},"end":{"line":43,"column":22}},"loc":{"start":{"line":43,"column":27},"end":{"line":43,"column":48}}},"7":{"name":"(anonymous_9)","decl":{"start":{"line":46,"column":21},"end":{"line":46,"column":22}},"loc":{"start":{"line":46,"column":27},"end":{"line":46,"column":37}}},"8":{"name":"(anonymous_10)","decl":{"start":{"line":49,"column":21},"end":{"line":49,"column":22}},"loc":{"start":{"line":49,"column":27},"end":{"line":49,"column":39}}},"9":{"name":"(anonymous_11)","decl":{"start":{"line":52,"column":21},"end":{"line":52,"column":22}},"loc":{"start":{"line":52,"column":27},"end":{"line":52,"column":45}}},"10":{"name":"(anonymous_12)","decl":{"start":{"line":56,"column":21},"end":{"line":56,"column":22}},"loc":{"start":{"line":56,"column":27},"end":{"line":56,"column":43}}},"11":{"name":"(anonymous_13)","decl":{"start":{"line":59,"column":21},"end":{"line":59,"column":22}},"loc":{"start":{"line":59,"column":27},"end":{"line":59,"column":38}}},"12":{"name":"(anonymous_14)","decl":{"start":{"line":62,"column":21},"end":{"line":62,"column":22}},"loc":{"start":{"line":62,"column":27},"end":{"line":62,"column":45}}},"13":{"name":"(anonymous_15)","decl":{"start":{"line":65,"column":21},"end":{"line":65,"column":22}},"loc":{"start":{"line":65,"column":27},"end":{"line":65,"column":49}}},"14":{"name":"(anonymous_16)","decl":{"start":{"line":68,"column":21},"end":{"line":68,"column":22}},"loc":{"start":{"line":68,"column":27},"end":{"line":68,"column":38}}},"15":{"name":"(anonymous_17)","decl":{"start":{"line":71,"column":21},"end":{"line":71,"column":22}},"loc":{"start":{"line":71,"column":27},"end":{"line":71,"column":40}}},"16":{"name":"(anonymous_18)","decl":{"start":{"line":74,"column":21},"end":{"line":74,"column":22}},"loc":{"start":{"line":74,"column":27},"end":{"line":74,"column":46}}},"17":{"name":"(anonymous_19)","decl":{"start":{"line":81,"column":23},"end":{"line":81,"column":29}},"loc":{"start":{"line":81,"column":34},"end":{"line":87,"column":7}}},"18":{"name":"(anonymous_20)","decl":{"start":{"line":93,"column":23},"end":{"line":93,"column":29}},"loc":{"start":{"line":93,"column":34},"end":{"line":99,"column":7}}},"19":{"name":"(anonymous_21)","decl":{"start":{"line":104,"column":22},"end":{"line":104,"column":28}},"loc":{"start":{"line":104,"column":33},"end":{"line":112,"column":1}}}},"branchMap":{"0":{"loc":{"start":{"line":3,"column":37},"end":{"line":3,"column":null}},"type":"if","locations":[{"start":{"line":3,"column":37},"end":{"line":3,"column":null}}]},"1":{"loc":{"start":{"line":3,"column":37},"end":{"line":3,"column":null}},"type":"cond-expr","locations":[{"start":{"line":3,"column":37},"end":{"line":3,"column":null}},{"start":{"line":3,"column":37},"end":{"line":3,"column":null}}]},"2":{"loc":{"start":{"line":3,"column":37},"end":{"line":3,"column":null}},"type":"binary-expr","locations":[{"start":{"line":3,"column":37},"end":{"line":3,"column":null}},{"start":{"line":3,"column":37},"end":{"line":3,"column":null}},{"start":{"line":3,"column":37},"end":{"line":3,"column":null}}]},"3":{"loc":{"start":{"line":27,"column":2},"end":{"line":27,"column":null}},"type":"default-arg","locations":[{"start":{"line":27,"column":9},"end":{"line":27,"column":null}}]},"4":{"loc":{"start":{"line":29,"column":2},"end":{"line":31,"column":null}},"type":"if","locations":[{"start":{"line":29,"column":2},"end":{"line":31,"column":null}}]},"5":{"loc":{"start":{"line":33,"column":2},"end":{"line":53,"column":null}},"type":"if","locations":[{"start":{"line":33,"column":2},"end":{"line":53,"column":null}},{"start":{"line":36,"column":7},"end":{"line":53,"column":null}}]},"6":{"loc":{"start":{"line":36,"column":7},"end":{"line":53,"column":null}},"type":"if","locations":[{"start":{"line":36,"column":7},"end":{"line":53,"column":null}},{"start":{"line":39,"column":7},"end":{"line":53,"column":null}}]},"7":{"loc":{"start":{"line":39,"column":7},"end":{"line":53,"column":null}},"type":"if","locations":[{"start":{"line":39,"column":7},"end":{"line":53,"column":null}},{"start":{"line":42,"column":7},"end":{"line":53,"column":null}}]},"8":{"loc":{"start":{"line":42,"column":7},"end":{"line":53,"column":null}},"type":"if","locations":[{"start":{"line":42,"column":7},"end":{"line":53,"column":null}},{"start":{"line":45,"column":7},"end":{"line":53,"column":null}}]},"9":{"loc":{"start":{"line":45,"column":7},"end":{"line":53,"column":null}},"type":"if","locations":[{"start":{"line":45,"column":7},"end":{"line":53,"column":null}},{"start":{"line":48,"column":7},"end":{"line":53,"column":null}}]},"10":{"loc":{"start":{"line":48,"column":7},"end":{"line":53,"column":null}},"type":"if","locations":[{"start":{"line":48,"column":7},"end":{"line":53,"column":null}},{"start":{"line":51,"column":7},"end":{"line":53,"column":null}}]},"11":{"loc":{"start":{"line":51,"column":7},"end":{"line":53,"column":null}},"type":"if","locations":[{"start":{"line":51,"column":7},"end":{"line":53,"column":null}}]},"12":{"loc":{"start":{"line":55,"column":2},"end":{"line":57,"column":null}},"type":"if","locations":[{"start":{"line":55,"column":2},"end":{"line":57,"column":null}}]},"13":{"loc":{"start":{"line":58,"column":2},"end":{"line":60,"column":null}},"type":"if","locations":[{"start":{"line":58,"column":2},"end":{"line":60,"column":null}}]},"14":{"loc":{"start":{"line":61,"column":2},"end":{"line":63,"column":null}},"type":"if","locations":[{"start":{"line":61,"column":2},"end":{"line":63,"column":null}}]},"15":{"loc":{"start":{"line":64,"column":2},"end":{"line":66,"column":null}},"type":"if","locations":[{"start":{"line":64,"column":2},"end":{"line":66,"column":null}}]},"16":{"loc":{"start":{"line":67,"column":2},"end":{"line":69,"column":null}},"type":"if","locations":[{"start":{"line":67,"column":2},"end":{"line":69,"column":null}}]},"17":{"loc":{"start":{"line":70,"column":2},"end":{"line":72,"column":null}},"type":"if","locations":[{"start":{"line":70,"column":2},"end":{"line":72,"column":null}}]},"18":{"loc":{"start":{"line":73,"column":2},"end":{"line":75,"column":null}},"type":"if","locations":[{"start":{"line":73,"column":2},"end":{"line":75,"column":null}}]},"19":{"loc":{"start":{"line":79,"column":2},"end":{"line":89,"column":null}},"type":"if","locations":[{"start":{"line":79,"column":2},"end":{"line":89,"column":null}}]},"20":{"loc":{"start":{"line":83,"column":32},"end":{"line":85,"column":34}},"type":"cond-expr","locations":[{"start":{"line":84,"column":12},"end":{"line":84,"column":21}},{"start":{"line":85,"column":13},"end":{"line":85,"column":34}}]},"21":{"loc":{"start":{"line":91,"column":2},"end":{"line":101,"column":null}},"type":"if","locations":[{"start":{"line":91,"column":2},"end":{"line":101,"column":null}}]},"22":{"loc":{"start":{"line":95,"column":32},"end":{"line":97,"column":34}},"type":"cond-expr","locations":[{"start":{"line":96,"column":12},"end":{"line":96,"column":21}},{"start":{"line":97,"column":13},"end":{"line":97,"column":34}}]},"23":{"loc":{"start":{"line":107,"column":2},"end":{"line":109,"column":null}},"type":"if","locations":[{"start":{"line":107,"column":2},"end":{"line":109,"column":null}}]}},"s":{"0":2,"1":2,"2":122,"3":2,"4":68,"5":2,"6":9,"7":68,"8":7,"9":54,"10":61,"11":3,"12":36,"13":58,"14":1,"15":356,"16":57,"17":1,"18":356,"19":56,"20":1,"21":4,"22":55,"23":0,"24":0,"25":55,"26":1,"27":4,"28":68,"29":1,"30":6,"31":68,"32":1,"33":6,"34":68,"35":2,"36":383,"37":68,"38":2,"39":712,"40":68,"41":2,"42":360,"43":68,"44":1,"45":356,"46":68,"47":1,"48":4,"49":68,"50":68,"51":30,"52":30,"53":442,"54":442,"55":442,"56":68,"57":11,"58":18,"59":171,"60":171,"61":171,"62":2,"63":2,"64":613,"65":613,"66":613,"67":383,"68":613},"f":{"0":6,"1":68,"2":9,"3":54,"4":36,"5":356,"6":356,"7":4,"8":0,"9":4,"10":6,"11":6,"12":383,"13":712,"14":360,"15":356,"16":4,"17":442,"18":171,"19":613},"b":{"0":[32],"1":[70,72],"2":[36,36,34],"3":[0],"4":[2],"5":[7,61],"6":[3,58],"7":[1,57],"8":[1,56],"9":[1,55],"10":[0,55],"11":[1],"12":[1],"13":[1],"14":[2],"15":[2],"16":[2],"17":[1],"18":[1],"19":[30],"20":[148,294],"21":[11],"22":[66,105],"23":[383]}}
,"/Users/zane/playground/find-plus/src/lib/check-root.mjs": {"path":"/Users/zane/playground/find-plus/src/lib/check-root.mjs","statementMap":{"0":{"start":{"line":1,"column":0},"end":{"line":1,"column":null}},"1":{"start":{"line":2,"column":0},"end":{"line":2,"column":35}},"2":{"start":{"line":2,"column":35},"end":{"line":2,"column":null}},"3":{"start":{"line":4,"column":18},"end":{"line":34,"column":1}},"4":{"start":{"line":6,"column":2},"end":{"line":23,"column":null}},"5":{"start":{"line":7,"column":4},"end":{"line":7,"column":null}},"6":{"start":{"line":17,"column":4},"end":{"line":21,"column":5}},"7":{"start":{"line":18,"column":19},"end":{"line":18,"column":86}},"8":{"start":{"line":19,"column":6},"end":{"line":19,"column":null}},"9":{"start":{"line":20,"column":6},"end":{"line":20,"column":null}},"10":{"start":{"line":22,"column":4},"end":{"line":22,"column":null}},"11":{"start":{"line":25,"column":2},"end":{"line":27,"column":null}},"12":{"start":{"line":26,"column":4},"end":{"line":26,"column":null}},"13":{"start":{"line":29,"column":2},"end":{"line":29,"column":null}},"14":{"start":{"line":30,"column":2},"end":{"line":30,"column":null}},"15":{"start":{"line":31,"column":2},"end":{"line":31,"column":null}},"16":{"start":{"line":33,"column":2},"end":{"line":33,"column":null}},"17":{"start":{"line":34,"column":1},"end":{"line":34,"column":null}}},"fnMap":{"0":{"name":"_getRequireWildcardCache","decl":{"start":{"line":2,"column":35},"end":{"line":2,"column":null}},"loc":{"start":{"line":2,"column":35},"end":{"line":2,"column":null}}},"1":{"name":"(anonymous_3)","decl":{"start":{"line":4,"column":18},"end":{"line":4,"column":24}},"loc":{"start":{"line":4,"column":37},"end":{"line":34,"column":1}}}},"branchMap":{"0":{"loc":{"start":{"line":2,"column":35},"end":{"line":2,"column":null}},"type":"if","locations":[{"start":{"line":2,"column":35},"end":{"line":2,"column":null}}]},"1":{"loc":{"start":{"line":2,"column":35},"end":{"line":2,"column":null}},"type":"cond-expr","locations":[{"start":{"line":2,"column":35},"end":{"line":2,"column":null}},{"start":{"line":2,"column":35},"end":{"line":2,"column":null}}]},"2":{"loc":{"start":{"line":2,"column":35},"end":{"line":2,"column":null}},"type":"binary-expr","locations":[{"start":{"line":2,"column":35},"end":{"line":2,"column":null}},{"start":{"line":2,"column":35},"end":{"line":2,"column":null}},{"start":{"line":2,"column":35},"end":{"line":2,"column":null}}]},"3":{"loc":{"start":{"line":17,"column":4},"end":{"line":21,"column":5}},"type":"if","locations":[{"start":{"line":17,"column":4},"end":{"line":21,"column":5}}]},"4":{"loc":{"start":{"line":25,"column":2},"end":{"line":27,"column":null}},"type":"if","locations":[{"start":{"line":25,"column":2},"end":{"line":27,"column":null}}]}},"s":{"0":2,"1":2,"2":122,"3":2,"4":68,"5":68,"6":1,"7":1,"8":1,"9":1,"10":0,"11":67,"12":1,"13":66,"14":66,"15":66,"16":66,"17":2},"f":{"0":6,"1":68},"b":{"0":[32],"1":[70,72],"2":[36,36,34],"3":[1],"4":[1]}}
,"/Users/zane/playground/find-plus/src/lib/dir-ent-to-file-path.mjs": {"path":"/Users/zane/playground/find-plus/src/lib/dir-ent-to-file-path.mjs","statementMap":{"0":{"start":{"line":1,"column":0},"end":{"line":1,"column":null}},"1":{"start":{"line":3,"column":26},"end":{"line":8,"column":1}},"2":{"start":{"line":4,"column":31},"end":{"line":4,"column":37}},"3":{"start":{"line":5,"column":18},"end":{"line":5,"column":43}},"4":{"start":{"line":7,"column":2},"end":{"line":7,"column":null}},"5":{"start":{"line":8,"column":1},"end":{"line":8,"column":null}}},"fnMap":{"0":{"name":"(anonymous_0)","decl":{"start":{"line":3,"column":26},"end":{"line":3,"column":32}},"loc":{"start":{"line":3,"column":37},"end":{"line":8,"column":1}}}},"branchMap":{"0":{"loc":{"start":{"line":7,"column":9},"end":{"line":7,"column":55}},"type":"cond-expr","locations":[{"start":{"line":7,"column":32},"end":{"line":7,"column":45}},{"start":{"line":7,"column":48},"end":{"line":7,"column":55}}]}},"s":{"0":2,"1":2,"2":1609,"3":1609,"4":1609,"5":2},"f":{"0":1609},"b":{"0":[512,1097]}}
,"/Users/zane/playground/find-plus/src/lib/sorters.mjs": {"path":"/Users/zane/playground/find-plus/src/lib/sorters.mjs","statementMap":{"0":{"start":{"line":1,"column":0},"end":{"line":1,"column":35}},"1":{"start":{"line":1,"column":35},"end":{"line":1,"column":null}},"2":{"start":{"line":3,"column":27},"end":{"line":9,"column":1}},"3":{"start":{"line":4,"column":15},"end":{"line":4,"column":81}},"4":{"start":{"line":5,"column":15},"end":{"line":5,"column":81}},"5":{"start":{"line":7,"column":18},"end":{"line":7,"column":42}},"6":{"start":{"line":8,"column":2},"end":{"line":8,"column":null}},"7":{"start":{"line":9,"column":1},"end":{"line":9,"column":null}},"8":{"start":{"line":11,"column":25},"end":{"line":22,"column":1}},"9":{"start":{"line":12,"column":2},"end":{"line":21,"column":null}},"10":{"start":{"line":13,"column":4},"end":{"line":13,"column":null}},"11":{"start":{"line":15,"column":7},"end":{"line":21,"column":null}},"12":{"start":{"line":16,"column":4},"end":{"line":16,"column":null}},"13":{"start":{"line":19,"column":24},"end":{"line":19,"column":63}},"14":{"start":{"line":20,"column":4},"end":{"line":20,"column":null}},"15":{"start":{"line":22,"column":1},"end":{"line":22,"column":null}},"16":{"start":{"line":24,"column":20},"end":{"line":29,"column":1}},"17":{"start":{"line":25,"column":16},"end":{"line":25,"column":49}},"18":{"start":{"line":26,"column":16},"end":{"line":26,"column":49}},"19":{"start":{"line":28,"column":2},"end":{"line":28,"column":null}},"20":{"start":{"line":29,"column":1},"end":{"line":29,"column":null}}},"fnMap":{"0":{"name":"_getRequireWildcardCache","decl":{"start":{"line":1,"column":35},"end":{"line":1,"column":null}},"loc":{"start":{"line":1,"column":35},"end":{"line":1,"column":null}}},"1":{"name":"(anonymous_3)","decl":{"start":{"line":3,"column":27},"end":{"line":3,"column":28}},"loc":{"start":{"line":3,"column":37},"end":{"line":9,"column":1}}},"2":{"name":"(anonymous_4)","decl":{"start":{"line":11,"column":25},"end":{"line":11,"column":26}},"loc":{"start":{"line":11,"column":35},"end":{"line":22,"column":1}}},"3":{"name":"(anonymous_5)","decl":{"start":{"line":24,"column":20},"end":{"line":24,"column":21}},"loc":{"start":{"line":24,"column":30},"end":{"line":29,"column":1}}}},"branchMap":{"0":{"loc":{"start":{"line":1,"column":35},"end":{"line":1,"column":null}},"type":"if","locations":[{"start":{"line":1,"column":35},"end":{"line":1,"column":null}}]},"1":{"loc":{"start":{"line":1,"column":35},"end":{"line":1,"column":null}},"type":"cond-expr","locations":[{"start":{"line":1,"column":35},"end":{"line":1,"column":null}},{"start":{"line":1,"column":35},"end":{"line":1,"column":null}}]},"2":{"loc":{"start":{"line":1,"column":35},"end":{"line":1,"column":null}},"type":"binary-expr","locations":[{"start":{"line":1,"column":35},"end":{"line":1,"column":null}},{"start":{"line":1,"column":35},"end":{"line":1,"column":null}},{"start":{"line":1,"column":35},"end":{"line":1,"column":null}}]},"3":{"loc":{"start":{"line":4,"column":15},"end":{"line":4,"column":81}},"type":"cond-expr","locations":[{"start":{"line":4,"column":33},"end":{"line":4,"column":66}},{"start":{"line":4,"column":69},"end":{"line":4,"column":81}}]},"4":{"loc":{"start":{"line":5,"column":15},"end":{"line":5,"column":81}},"type":"cond-expr","locations":[{"start":{"line":5,"column":33},"end":{"line":5,"column":66}},{"start":{"line":5,"column":69},"end":{"line":5,"column":81}}]},"5":{"loc":{"start":{"line":8,"column":9},"end":{"line":8,"column":63}},"type":"cond-expr","locations":[{"start":{"line":8,"column":25},"end":{"line":8,"column":32}},{"start":{"line":8,"column":35},"end":{"line":8,"column":63}}]},"6":{"loc":{"start":{"line":12,"column":2},"end":{"line":21,"column":null}},"type":"if","locations":[{"start":{"line":12,"column":2},"end":{"line":21,"column":null}},{"start":{"line":15,"column":7},"end":{"line":21,"column":null}}]},"7":{"loc":{"start":{"line":15,"column":7},"end":{"line":21,"column":null}},"type":"if","locations":[{"start":{"line":15,"column":7},"end":{"line":21,"column":null}},{"start":{"line":18,"column":7},"end":{"line":21,"column":null}}]},"8":{"loc":{"start":{"line":20,"column":11},"end":{"line":20,"column":63}},"type":"cond-expr","locations":[{"start":{"line":20,"column":31},"end":{"line":20,"column":32}},{"start":{"line":20,"column":35},"end":{"line":20,"column":63}}]}},"s":{"0":1,"1":61,"2":1,"3":1672,"4":1672,"5":1672,"6":1672,"7":1,"8":1,"9":4,"10":0,"11":4,"12":3,"13":1,"14":1,"15":1,"16":1,"17":8,"18":8,"19":8,"20":1},"f":{"0":3,"1":1672,"2":4,"3":8},"b":{"0":[16],"1":[35,36],"2":[18,18,17],"3":[79,1593],"4":[255,1417],"5":[222,1450],"6":[0,4],"7":[3,1],"8":[0,1]}}
,"/Users/zane/playground/find-plus/src/lib/traverse-dirs.mjs": {"path":"/Users/zane/playground/find-plus/src/lib/traverse-dirs.mjs","statementMap":{"0":{"start":{"line":1,"column":0},"end":{"line":1,"column":null}},"1":{"start":{"line":2,"column":0},"end":{"line":2,"column":null}},"2":{"start":{"line":4,"column":0},"end":{"line":4,"column":null}},"3":{"start":{"line":6,"column":0},"end":{"line":6,"column":null}},"4":{"start":{"line":7,"column":0},"end":{"line":7,"column":57}},"5":{"start":{"line":7,"column":57},"end":{"line":7,"column":null}},"6":{"start":{"line":9,"column":21},"end":{"line":57,"column":1}},"7":{"start":{"line":19,"column":19},"end":{"line":19,"column":44}},"8":{"start":{"line":21,"column":22},"end":{"line":21,"column":24}},"9":{"start":{"line":22,"column":18},"end":{"line":22,"column":19}},"10":{"start":{"line":24,"column":17},"end":{"line":24,"column":19}},"11":{"start":{"line":25,"column":2},"end":{"line":31,"column":null}},"12":{"start":{"line":26,"column":4},"end":{"line":26,"column":null}},"13":{"start":{"line":27,"column":4},"end":{"line":27,"column":null}},"14":{"start":{"line":30,"column":4},"end":{"line":30,"column":null}},"15":{"start":{"line":32,"column":2},"end":{"line":32,"column":null}},"16":{"start":{"line":35,"column":2},"end":{"line":54,"column":null}},"17":{"start":{"line":36,"column":24},"end":{"line":36,"column":26}},"18":{"start":{"line":37,"column":4},"end":{"line":50,"column":null}},"19":{"start":{"line":38,"column":22},"end":{"line":38,"column":65}},"20":{"start":{"line":39,"column":20},"end":{"line":39,"column":71}},"21":{"start":{"line":40,"column":6},"end":{"line":49,"column":null}},"22":{"start":{"line":41,"column":8},"end":{"line":41,"column":null}},"23":{"start":{"line":44,"column":8},"end":{"line":46,"column":null}},"24":{"start":{"line":45,"column":10},"end":{"line":45,"column":null}},"25":{"start":{"line":48,"column":8},"end":{"line":48,"column":null}},"26":{"start":{"line":51,"column":4},"end":{"line":51,"column":null}},"27":{"start":{"line":53,"column":4},"end":{"line":53,"column":null}},"28":{"start":{"line":56,"column":2},"end":{"line":56,"column":null}},"29":{"start":{"line":57,"column":1},"end":{"line":57,"column":null}},"30":{"start":{"line":59,"column":36},"end":{"line":131,"column":1}},"31":{"start":{"line":60,"column":15},"end":{"line":60,"column":54}},"32":{"start":{"line":60,"column":34},"end":{"line":60,"column":53}},"33":{"start":{"line":62,"column":2},"end":{"line":126,"column":null}},"34":{"start":{"line":63,"column":21},"end":{"line":63,"column":43}},"35":{"start":{"line":64,"column":20},"end":{"line":64,"column":40}},"36":{"start":{"line":67,"column":18},"end":{"line":70,"column":15}},"37":{"start":{"line":68,"column":24},"end":{"line":68,"column":82}},"38":{"start":{"line":69,"column":6},"end":{"line":69,"column":null}},"39":{"start":{"line":73,"column":4},"end":{"line":120,"column":null}},"40":{"start":{"line":76,"column":6},"end":{"line":119,"column":null}},"41":{"start":{"line":77,"column":26},"end":{"line":77,"column":84}},"42":{"start":{"line":78,"column":30},"end":{"line":78,"column":42}},"43":{"start":{"line":79,"column":36},"end":{"line":79,"column":59}},"44":{"start":{"line":81,"column":8},"end":{"line":94,"column":null}},"45":{"start":{"line":82,"column":30},"end":{"line":82,"column":48}},"46":{"start":{"line":83,"column":10},"end":{"line":93,"column":null}},"47":{"start":{"line":84,"column":33},"end":{"line":84,"column":54}},"48":{"start":{"line":87,"column":12},"end":{"line":89,"column":null}},"49":{"start":{"line":88,"column":14},"end":{"line":88,"column":null}},"50":{"start":{"line":90,"column":12},"end":{"line":92,"column":null}},"51":{"start":{"line":91,"column":14},"end":{"line":91,"column":null}},"52":{"start":{"line":96,"column":24},"end":{"line":96,"column":80}},"53":{"start":{"line":97,"column":8},"end":{"line":114,"column":null}},"54":{"start":{"line":97,"column":21},"end":{"line":97,"column":22}},"55":{"start":{"line":98,"column":26},"end":{"line":98,"column":42}},"56":{"start":{"line":99,"column":10},"end":{"line":113,"column":null}},"57":{"start":{"line":100,"column":12},"end":{"line":100,"column":null}},"58":{"start":{"line":102,"column":15},"end":{"line":113,"column":null}},"59":{"start":{"line":103,"column":12},"end":{"line":109,"column":null}},"60":{"start":{"line":105,"column":14},"end":{"line":105,"column":null}},"61":{"start":{"line":108,"column":14},"end":{"line":108,"column":null}},"62":{"start":{"line":112,"column":12},"end":{"line":112,"column":null}},"63":{"start":{"line":116,"column":8},"end":{"line":116,"column":null}},"64":{"start":{"line":118,"column":8},"end":{"line":118,"column":null}},"65":{"start":{"line":122,"column":4},"end":{"line":125,"column":null}},"66":{"start":{"line":123,"column":6},"end":{"line":123,"column":null}},"67":{"start":{"line":124,"column":6},"end":{"line":124,"column":null}},"68":{"start":{"line":128,"column":2},"end":{"line":130,"column":null}},"69":{"start":{"line":129,"column":4},"end":{"line":129,"column":null}},"70":{"start":{"line":133,"column":29},"end":{"line":144,"column":1}},"71":{"start":{"line":134,"column":2},"end":{"line":136,"column":3}},"72":{"start":{"line":135,"column":4},"end":{"line":135,"column":null}},"73":{"start":{"line":138,"column":16},"end":{"line":138,"column":46}},"74":{"start":{"line":139,"column":2},"end":{"line":141,"column":null}},"75":{"start":{"line":140,"column":4},"end":{"line":140,"column":null}},"76":{"start":{"line":143,"column":2},"end":{"line":143,"column":null}}},"fnMap":{"0":{"name":"_getRequireWildcardCache","decl":{"start":{"line":7,"column":57},"end":{"line":7,"column":null}},"loc":{"start":{"line":7,"column":57},"end":{"line":7,"column":null}}},"1":{"name":"(anonymous_3)","decl":{"start":{"line":9,"column":21},"end":{"line":9,"column":27}},"loc":{"start":{"line":18,"column":6},"end":{"line":57,"column":1}}},"2":{"name":"(anonymous_4)","decl":{"start":{"line":59,"column":36},"end":{"line":59,"column":37}},"loc":{"start":{"line":59,"column":152},"end":{"line":131,"column":1}}},"3":{"name":"(anonymous_5)","decl":{"start":{"line":60,"column":28},"end":{"line":60,"column":29}},"loc":{"start":{"line":60,"column":34},"end":{"line":60,"column":53}}},"4":{"name":"(anonymous_6)","decl":{"start":{"line":67,"column":38},"end":{"line":67,"column":39}},"loc":{"start":{"line":67,"column":44},"end":{"line":70,"column":5}}},"5":{"name":"(anonymous_7)","decl":{"start":{"line":76,"column":29},"end":{"line":76,"column":30}},"loc":{"start":{"line":76,"column":35},"end":{"line":119,"column":7}}},"6":{"name":"(anonymous_8)","decl":{"start":{"line":133,"column":29},"end":{"line":133,"column":30}},"loc":{"start":{"line":133,"column":67},"end":{"line":144,"column":1}}}},"branchMap":{"0":{"loc":{"start":{"line":7,"column":57},"end":{"line":7,"column":null}},"type":"if","locations":[{"start":{"line":7,"column":57},"end":{"line":7,"column":null}}]},"1":{"loc":{"start":{"line":7,"column":57},"end":{"line":7,"column":null}},"type":"cond-expr","locations":[{"start":{"line":7,"column":57},"end":{"line":7,"column":null}},{"start":{"line":7,"column":57},"end":{"line":7,"column":null}}]},"2":{"loc":{"start":{"line":7,"column":57},"end":{"line":7,"column":null}},"type":"binary-expr","locations":[{"start":{"line":7,"column":57},"end":{"line":7,"column":null}},{"start":{"line":7,"column":57},"end":{"line":7,"column":null}},{"start":{"line":7,"column":57},"end":{"line":7,"column":null}}]},"3":{"loc":{"start":{"line":13,"column":2},"end":{"line":13,"column":21}},"type":"default-arg","locations":[{"start":{"line":13,"column":16},"end":{"line":13,"column":21}}]},"4":{"loc":{"start":{"line":14,"column":2},"end":{"line":14,"column":26}},"type":"default-arg","locations":[{"start":{"line":14,"column":21},"end":{"line":14,"column":26}}]},"5":{"loc":{"start":{"line":25,"column":2},"end":{"line":31,"column":null}},"type":"if","locations":[{"start":{"line":25,"column":2},"end":{"line":31,"column":null}},{"start":{"line":29,"column":7},"end":{"line":31,"column":null}}]},"6":{"loc":{"start":{"line":25,"column":6},"end":{"line":25,"column":56}},"type":"binary-expr","locations":[{"start":{"line":25,"column":6},"end":{"line":25,"column":26}},{"start":{"line":25,"column":30},"end":{"line":25,"column":56}}]},"7":{"loc":{"start":{"line":27,"column":4},"end":{"line":27,"column":52}},"type":"binary-expr","locations":[{"start":{"line":27,"column":4},"end":{"line":27,"column":20}},{"start":{"line":27,"column":4},"end":{"line":27,"column":20}},{"start":{"line":27,"column":4},"end":{"line":27,"column":52}}]},"8":{"loc":{"start":{"line":35,"column":9},"end":{"line":35,"column":75}},"type":"binary-expr","locations":[{"start":{"line":35,"column":10},"end":{"line":35,"column":29}},{"start":{"line":35,"column":33},"end":{"line":35,"column":51}},{"start":{"line":35,"column":56},"end":{"line":35,"column":75}}]},"9":{"loc":{"start":{"line":44,"column":8},"end":{"line":46,"column":null}},"type":"if","locations":[{"start":{"line":44,"column":8},"end":{"line":46,"column":null}}]},"10":{"loc":{"start":{"line":62,"column":2},"end":{"line":126,"column":null}},"type":"if","locations":[{"start":{"line":62,"column":2},"end":{"line":126,"column":null}}]},"11":{"loc":{"start":{"line":62,"column":6},"end":{"line":62,"column":64}},"type":"binary-expr","locations":[{"start":{"line":62,"column":6},"end":{"line":62,"column":24}},{"start":{"line":62,"column":29},"end":{"line":62,"column":33}},{"start":{"line":62,"column":37},"end":{"line":62,"column":63}}]},"12":{"loc":{"start":{"line":67,"column":18},"end":{"line":70,"column":15}},"type":"binary-expr","locations":[{"start":{"line":67,"column":18},"end":{"line":70,"column":6}},{"start":{"line":70,"column":10},"end":{"line":70,"column":15}}]},"13":{"loc":{"start":{"line":67,"column":18},"end":{"line":70,"column":6}},"type":"cond-expr","locations":[{"start":{"line":67,"column":30},"end":{"line":67,"column":32}},{"start":{"line":67,"column":18},"end":{"line":70,"column":6}}]},"14":{"loc":{"start":{"line":67,"column":18},"end":{"line":67,"column":32}},"type":"binary-expr","locations":[{"start":{"line":67,"column":18},"end":{"line":67,"column":32}},{"start":{"line":67,"column":18},"end":{"line":67,"column":32}}]},"15":{"loc":{"start":{"line":73,"column":4},"end":{"line":120,"column":null}},"type":"if","locations":[{"start":{"line":73,"column":4},"end":{"line":120,"column":null}}]},"16":{"loc":{"start":{"line":73,"column":8},"end":{"line":73,"column":46}},"type":"binary-expr","locations":[{"start":{"line":73,"column":8},"end":{"line":73,"column":25}},{"start":{"line":73,"column":29},"end":{"line":73,"column":46}}]},"17":{"loc":{"start":{"line":73,"column":29},"end":{"line":73,"column":42}},"type":"cond-expr","locations":[{"start":{"line":73,"column":34},"end":{"line":73,"column":36}},{"start":{"line":73,"column":29},"end":{"line":73,"column":42}}]},"18":{"loc":{"start":{"line":73,"column":29},"end":{"line":73,"column":36}},"type":"binary-expr","locations":[{"start":{"line":73,"column":29},"end":{"line":73,"column":36}},{"start":{"line":73,"column":29},"end":{"line":73,"column":36}}]},"19":{"loc":{"start":{"line":81,"column":8},"end":{"line":94,"column":null}},"type":"if","locations":[{"start":{"line":81,"column":8},"end":{"line":94,"column":null}}]},"20":{"loc":{"start":{"line":87,"column":12},"end":{"line":89,"column":null}},"type":"if","locations":[{"start":{"line":87,"column":12},"end":{"line":89,"column":null}}]},"21":{"loc":{"start":{"line":90,"column":12},"end":{"line":92,"column":null}},"type":"if","locations":[{"start":{"line":90,"column":12},"end":{"line":92,"column":null}}]},"22":{"loc":{"start":{"line":96,"column":24},"end":{"line":96,"column":80}},"type":"cond-expr","locations":[{"start":{"line":96,"column":55},"end":{"line":96,"column":75}},{"start":{"line":96,"column":78},"end":{"line":96,"column":80}}]},"23":{"loc":{"start":{"line":97,"column":24},"end":{"line":97,"column":65}},"type":"binary-expr","locations":[{"start":{"line":97,"column":24},"end":{"line":97,"column":37}},{"start":{"line":97,"column":41},"end":{"line":97,"column":65}}]},"24":{"loc":{"start":{"line":99,"column":10},"end":{"line":113,"column":null}},"type":"if","locations":[{"start":{"line":99,"column":10},"end":{"line":113,"column":null}},{"start":{"line":102,"column":15},"end":{"line":113,"column":null}}]},"25":{"loc":{"start":{"line":102,"column":15},"end":{"line":113,"column":null}},"type":"if","locations":[{"start":{"line":102,"column":15},"end":{"line":113,"column":null}},{"start":{"line":111,"column":15},"end":{"line":113,"column":null}}]},"26":{"loc":{"start":{"line":103,"column":12},"end":{"line":109,"column":null}},"type":"if","locations":[{"start":{"line":103,"column":12},"end":{"line":109,"column":null}},{"start":{"line":107,"column":17},"end":{"line":109,"column":null}}]},"27":{"loc":{"start":{"line":122,"column":4},"end":{"line":125,"column":null}},"type":"if","locations":[{"start":{"line":122,"column":4},"end":{"line":125,"column":null}}]},"28":{"loc":{"start":{"line":124,"column":6},"end":{"line":124,"column":36}},"type":"binary-expr","locations":[{"start":{"line":124,"column":6},"end":{"line":124,"column":22}},{"start":{"line":124,"column":6},"end":{"line":124,"column":22}},{"start":{"line":124,"column":6},"end":{"line":124,"column":36}}]},"29":{"loc":{"start":{"line":128,"column":2},"end":{"line":130,"column":null}},"type":"if","locations":[{"start":{"line":128,"column":2},"end":{"line":130,"column":null}}]},"30":{"loc":{"start":{"line":134,"column":2},"end":{"line":136,"column":3}},"type":"if","locations":[{"start":{"line":134,"column":2},"end":{"line":136,"column":3}}]},"31":{"loc":{"start":{"line":139,"column":2},"end":{"line":141,"column":null}},"type":"if","locations":[{"start":{"line":139,"column":2},"end":{"line":141,"column":null}}]}},"s":{"0":2,"1":2,"2":2,"3":2,"4":2,"5":326,"6":2,"7":68,"8":66,"9":66,"10":66,"11":66,"12":2,"13":2,"14":64,"15":66,"16":66,"17":212,"18":212,"19":337,"20":337,"21":337,"22":2765,"23":2765,"24":0,"25":2765,"26":212,"27":212,"28":66,"29":2,"30":2,"31":2829,"32":3274,"33":2829,"34":435,"35":435,"36":435,"37":102,"38":102,"39":435,"40":229,"41":229,"42":229,"43":229,"44":229,"45":81,"46":81,"47":594,"48":594,"49":9,"50":585,"51":0,"52":220,"53":220,"54":220,"55":282,"56":282,"57":52,"58":230,"59":42,"60":18,"61":24,"62":188,"63":144,"64":144,"65":435,"66":356,"67":356,"68":2829,"69":1330,"70":2,"71":331,"72":123,"73":208,"74":208,"75":208,"76":208},"f":{"0":10,"1":68,"2":2829,"3":3274,"4":102,"5":229,"6":331},"b":{"0":[94],"1":[200,204],"2":[102,102,98],"3":[66],"4":[67],"5":[2,64],"6":[66,2],"7":[2,2,0],"8":[278,21,268],"9":[0],"10":[435],"11":[2829,437,261],"12":[435,404],"13":[362,73],"14":[435,435],"15":[229],"16":[435,404],"17":[175,229],"18":[404,404],"19":[81],"20":[9],"21":[0],"22":[72,148],"23":[426,326],"24":[52,230],"25":[42,188],"26":[18,24],"27":[356],"28":[356,356,156],"29":[1330],"30":[123],"31":[208]}}
,"/Users/zane/playground/find-plus/src/lib/verify-params.mjs": {"path":"/Users/zane/playground/find-plus/src/lib/verify-params.mjs","statementMap":{"0":{"start":{"line":1,"column":19},"end":{"line":1,"column":56}},"1":{"start":{"line":3,"column":21},"end":{"line":65,"column":1}},"2":{"start":{"line":24,"column":2},"end":{"line":26,"column":null}},"3":{"start":{"line":25,"column":4},"end":{"line":25,"column":null}},"4":{"start":{"line":27,"column":18},"end":{"line":27,"column":19}},"5":{"start":{"line":28,"column":2},"end":{"line":40,"column":null}},"6":{"start":{"line":37,"column":4},"end":{"line":39,"column":null}},"7":{"start":{"line":38,"column":6},"end":{"line":38,"column":null}},"8":{"start":{"line":41,"column":2},"end":{"line":43,"column":null}},"9":{"start":{"line":42,"column":4},"end":{"line":42,"column":null}},"10":{"start":{"line":44,"column":2},"end":{"line":46,"column":null}},"11":{"start":{"line":45,"column":4},"end":{"line":45,"column":null}},"12":{"start":{"line":47,"column":2},"end":{"line":49,"column":null}},"13":{"start":{"line":48,"column":4},"end":{"line":48,"column":null}},"14":{"start":{"line":51,"column":16},"end":{"line":51,"column":17}},"15":{"start":{"line":52,"column":18},"end":{"line":52,"column":108}},"16":{"start":{"line":53,"column":2},"end":{"line":57,"column":null}},"17":{"start":{"line":54,"column":4},"end":{"line":56,"column":null}},"18":{"start":{"line":55,"column":6},"end":{"line":55,"column":null}},"19":{"start":{"line":58,"column":2},"end":{"line":60,"column":null}},"20":{"start":{"line":59,"column":4},"end":{"line":59,"column":null}},"21":{"start":{"line":62,"column":2},"end":{"line":64,"column":null}},"22":{"start":{"line":63,"column":4},"end":{"line":63,"column":null}},"23":{"start":{"line":65,"column":1},"end":{"line":65,"column":null}}},"fnMap":{"0":{"name":"(anonymous_0)","decl":{"start":{"line":3,"column":21},"end":{"line":3,"column":22}},"loc":{"start":{"line":22,"column":6},"end":{"line":65,"column":1}}}},"branchMap":{"0":{"loc":{"start":{"line":24,"column":2},"end":{"line":26,"column":null}},"type":"if","locations":[{"start":{"line":24,"column":2},"end":{"line":26,"column":null}}]},"1":{"loc":{"start":{"line":24,"column":6},"end":{"line":24,"column":45}},"type":"binary-expr","locations":[{"start":{"line":24,"column":6},"end":{"line":24,"column":22}},{"start":{"line":24,"column":26},"end":{"line":24,"column":45}}]},"2":{"loc":{"start":{"line":37,"column":4},"end":{"line":39,"column":null}},"type":"if","locations":[{"start":{"line":37,"column":4},"end":{"line":39,"column":null}}]},"3":{"loc":{"start":{"line":41,"column":2},"end":{"line":43,"column":null}},"type":"if","locations":[{"start":{"line":41,"column":2},"end":{"line":43,"column":null}}]},"4":{"loc":{"start":{"line":44,"column":2},"end":{"line":46,"column":null}},"type":"if","locations":[{"start":{"line":44,"column":2},"end":{"line":46,"column":null}}]},"5":{"loc":{"start":{"line":44,"column":6},"end":{"line":44,"column":69}},"type":"binary-expr","locations":[{"start":{"line":44,"column":6},"end":{"line":44,"column":19}},{"start":{"line":44,"column":23},"end":{"line":44,"column":48}},{"start":{"line":44,"column":52},"end":{"line":44,"column":69}}]},"6":{"loc":{"start":{"line":47,"column":2},"end":{"line":49,"column":null}},"type":"if","locations":[{"start":{"line":47,"column":2},"end":{"line":49,"column":null}}]},"7":{"loc":{"start":{"line":47,"column":6},"end":{"line":47,"column":50}},"type":"binary-expr","locations":[{"start":{"line":47,"column":6},"end":{"line":47,"column":21}},{"start":{"line":47,"column":25},"end":{"line":47,"column":50}}]},"8":{"loc":{"start":{"line":54,"column":4},"end":{"line":56,"column":null}},"type":"if","locations":[{"start":{"line":54,"column":4},"end":{"line":56,"column":null}}]},"9":{"loc":{"start":{"line":58,"column":2},"end":{"line":60,"column":null}},"type":"if","locations":[{"start":{"line":58,"column":2},"end":{"line":60,"column":null}}]},"10":{"loc":{"start":{"line":62,"column":2},"end":{"line":64,"column":null}},"type":"if","locations":[{"start":{"line":62,"column":2},"end":{"line":64,"column":null}}]},"11":{"loc":{"start":{"line":62,"column":6},"end":{"line":62,"column":54}},"type":"binary-expr","locations":[{"start":{"line":62,"column":6},"end":{"line":62,"column":24}},{"start":{"line":62,"column":28},"end":{"line":62,"column":54}}]}},"s":{"0":1,"1":1,"2":46,"3":1,"4":45,"5":45,"6":315,"7":17,"8":45,"9":1,"10":44,"11":1,"12":43,"13":1,"14":42,"15":42,"16":42,"17":294,"18":17,"19":42,"20":1,"21":41,"22":1,"23":1},"f":{"0":46},"b":{"0":[1],"1":[46,3],"2":[17],"3":[1],"4":[1],"5":[44,15,1],"6":[1],"7":[43,3],"8":[17],"9":[1],"10":[1],"11":[41,9]}}
}
