{"/Users/zane/playground/find-plus/src/find-plus.mjs": {"path":"/Users/zane/playground/find-plus/src/find-plus.mjs","statementMap":{"0":{"start":{"line":1,"column":0},"end":{"line":1,"column":null}},"1":{"start":{"line":2,"column":0},"end":{"line":2,"column":null}},"2":{"start":{"line":4,"column":0},"end":{"line":4,"column":null}},"3":{"start":{"line":5,"column":0},"end":{"line":5,"column":null}},"4":{"start":{"line":6,"column":0},"end":{"line":6,"column":null}},"5":{"start":{"line":7,"column":0},"end":{"line":7,"column":50}},"6":{"start":{"line":7,"column":50},"end":{"line":7,"column":null}},"7":{"start":{"line":9,"column":13},"end":{"line":95,"column":1}},"8":{"start":{"line":11,"column":2},"end":{"line":16,"column":null}},"9":{"start":{"line":12,"column":4},"end":{"line":12,"column":null}},"10":{"start":{"line":13,"column":4},"end":{"line":13,"column":null}},"11":{"start":{"line":14,"column":4},"end":{"line":14,"column":null}},"12":{"start":{"line":15,"column":4},"end":{"line":15,"column":null}},"13":{"start":{"line":25,"column":6},"end":{"line":25,"column":12}},"14":{"start":{"line":22,"column":8},"end":{"line":22,"column":17}},"15":{"start":{"line":27,"column":2},"end":{"line":27,"column":null}},"16":{"start":{"line":29,"column":18},"end":{"line":29,"column":28}},"17":{"start":{"line":31,"column":2},"end":{"line":31,"column":null}},"18":{"start":{"line":33,"column":19},"end":{"line":33,"column":38}},"19":{"start":{"line":34,"column":2},"end":{"line":34,"column":null}},"20":{"start":{"line":35,"column":2},"end":{"line":35,"column":null}},"21":{"start":{"line":36,"column":2},"end":{"line":36,"column":null}},"22":{"start":{"line":38,"column":22},"end":{"line":38,"column":24}},"23":{"start":{"line":39,"column":18},"end":{"line":39,"column":19}},"24":{"start":{"line":41,"column":17},"end":{"line":41,"column":19}},"25":{"start":{"line":42,"column":2},"end":{"line":53,"column":null}},"26":{"start":{"line":43,"column":4},"end":{"line":43,"column":null}},"27":{"start":{"line":46,"column":23},"end":{"line":46,"column":68}},"28":{"start":{"line":46,"column":44},"end":{"line":46,"column":67}},"29":{"start":{"line":47,"column":4},"end":{"line":49,"column":null}},"30":{"start":{"line":48,"column":6},"end":{"line":48,"column":null}},"31":{"start":{"line":50,"column":4},"end":{"line":52,"column":null}},"32":{"start":{"line":51,"column":6},"end":{"line":51,"column":null}},"33":{"start":{"line":55,"column":2},"end":{"line":55,"column":null}},"34":{"start":{"line":57,"column":2},"end":{"line":80,"column":null}},"35":{"start":{"line":58,"column":24},"end":{"line":58,"column":26}},"36":{"start":{"line":59,"column":4},"end":{"line":76,"column":null}},"37":{"start":{"line":60,"column":22},"end":{"line":60,"column":59}},"38":{"start":{"line":61,"column":20},"end":{"line":61,"column":71}},"39":{"start":{"line":62,"column":6},"end":{"line":75,"column":null}},"40":{"start":{"line":63,"column":8},"end":{"line":63,"column":null}},"41":{"start":{"line":64,"column":8},"end":{"line":66,"column":null}},"42":{"start":{"line":65,"column":10},"end":{"line":65,"column":null}},"43":{"start":{"line":67,"column":21},"end":{"line":67,"column":62}},"44":{"start":{"line":67,"column":42},"end":{"line":67,"column":61}},"45":{"start":{"line":69,"column":8},"end":{"line":71,"column":null}},"46":{"start":{"line":70,"column":10},"end":{"line":70,"column":null}},"47":{"start":{"line":72,"column":8},"end":{"line":74,"column":null}},"48":{"start":{"line":73,"column":10},"end":{"line":73,"column":null}},"49":{"start":{"line":77,"column":4},"end":{"line":77,"column":null}},"50":{"start":{"line":79,"column":4},"end":{"line":79,"column":null}},"51":{"start":{"line":83,"column":2},"end":{"line":90,"column":null}},"52":{"start":{"line":84,"column":19},"end":{"line":88,"column":42}},"53":{"start":{"line":89,"column":4},"end":{"line":89,"column":null}},"54":{"start":{"line":92,"column":17},"end":{"line":92,"column":80}},"55":{"start":{"line":92,"column":53},"end":{"line":92,"column":79}},"56":{"start":{"line":94,"column":2},"end":{"line":94,"column":null}},"57":{"start":{"line":95,"column":1},"end":{"line":95,"column":null}}},"fnMap":{"0":{"name":"_getRequireWildcardCache","decl":{"start":{"line":7,"column":50},"end":{"line":7,"column":null}},"loc":{"start":{"line":7,"column":50},"end":{"line":7,"column":null}}},"1":{"name":"(anonymous_3)","decl":{"start":{"line":9,"column":13},"end":{"line":9,"column":19}},"loc":{"start":{"line":9,"column":35},"end":{"line":95,"column":1}}},"2":{"name":"(anonymous_4)","decl":{"start":{"line":22,"column":8},"end":{"line":22,"column":17}},"loc":{"start":{"line":22,"column":8},"end":{"line":22,"column":17}}},"3":{"name":"(anonymous_5)","decl":{"start":{"line":46,"column":38},"end":{"line":46,"column":39}},"loc":{"start":{"line":46,"column":44},"end":{"line":46,"column":67}}},"4":{"name":"(anonymous_6)","decl":{"start":{"line":67,"column":36},"end":{"line":67,"column":37}},"loc":{"start":{"line":67,"column":42},"end":{"line":67,"column":61}}},"5":{"name":"(anonymous_7)","decl":{"start":{"line":92,"column":33},"end":{"line":92,"column":34}},"loc":{"start":{"line":92,"column":53},"end":{"line":92,"column":79}}}},"branchMap":{"0":{"loc":{"start":{"line":7,"column":50},"end":{"line":7,"column":null}},"type":"if","locations":[{"start":{"line":7,"column":50},"end":{"line":7,"column":null}}]},"1":{"loc":{"start":{"line":7,"column":50},"end":{"line":7,"column":null}},"type":"cond-expr","locations":[{"start":{"line":7,"column":50},"end":{"line":7,"column":null}},{"start":{"line":7,"column":50},"end":{"line":7,"column":null}}]},"2":{"loc":{"start":{"line":7,"column":50},"end":{"line":7,"column":null}},"type":"binary-expr","locations":[{"start":{"line":7,"column":50},"end":{"line":7,"column":null}},{"start":{"line":7,"column":50},"end":{"line":7,"column":null}},{"start":{"line":7,"column":50},"end":{"line":7,"column":null}}]},"3":{"loc":{"start":{"line":9,"column":19},"end":{"line":9,"column":30}},"type":"default-arg","locations":[{"start":{"line":9,"column":28},"end":{"line":9,"column":30}}]},"4":{"loc":{"start":{"line":11,"column":2},"end":{"line":16,"column":null}},"type":"if","locations":[{"start":{"line":11,"column":2},"end":{"line":16,"column":null}}]},"5":{"loc":{"start":{"line":20,"column":4},"end":{"line":20,"column":23}},"type":"default-arg","locations":[{"start":{"line":20,"column":18},"end":{"line":20,"column":23}}]},"6":{"loc":{"start":{"line":21,"column":4},"end":{"line":21,"column":28}},"type":"default-arg","locations":[{"start":{"line":21,"column":23},"end":{"line":21,"column":28}}]},"7":{"loc":{"start":{"line":22,"column":4},"end":{"line":22,"column":null}},"type":"default-arg","locations":[{"start":{"line":22,"column":8},"end":{"line":22,"column":null}}]},"8":{"loc":{"start":{"line":24,"column":4},"end":{"line":24,"column":null}},"type":"default-arg","locations":[{"start":{"line":24,"column":12},"end":{"line":24,"column":null}}]},"9":{"loc":{"start":{"line":42,"column":2},"end":{"line":53,"column":null}},"type":"if","locations":[{"start":{"line":42,"column":2},"end":{"line":53,"column":null}},{"start":{"line":45,"column":7},"end":{"line":53,"column":null}}]},"10":{"loc":{"start":{"line":42,"column":6},"end":{"line":42,"column":56}},"type":"binary-expr","locations":[{"start":{"line":42,"column":6},"end":{"line":42,"column":26}},{"start":{"line":42,"column":30},"end":{"line":42,"column":56}}]},"11":{"loc":{"start":{"line":47,"column":4},"end":{"line":49,"column":null}},"type":"if","locations":[{"start":{"line":47,"column":4},"end":{"line":49,"column":null}}]},"12":{"loc":{"start":{"line":47,"column":8},"end":{"line":47,"column":43}},"type":"binary-expr","locations":[{"start":{"line":47,"column":8},"end":{"line":47,"column":29}},{"start":{"line":47,"column":33},"end":{"line":47,"column":43}}]},"13":{"loc":{"start":{"line":50,"column":4},"end":{"line":52,"column":null}},"type":"if","locations":[{"start":{"line":50,"column":4},"end":{"line":52,"column":null}}]},"14":{"loc":{"start":{"line":50,"column":8},"end":{"line":50,"column":48}},"type":"binary-expr","locations":[{"start":{"line":50,"column":8},"end":{"line":50,"column":18}},{"start":{"line":50,"column":22},"end":{"line":50,"column":48}}]},"15":{"loc":{"start":{"line":57,"column":9},"end":{"line":57,"column":75}},"type":"binary-expr","locations":[{"start":{"line":57,"column":10},"end":{"line":57,"column":29}},{"start":{"line":57,"column":33},"end":{"line":57,"column":51}},{"start":{"line":57,"column":56},"end":{"line":57,"column":75}}]},"16":{"loc":{"start":{"line":64,"column":8},"end":{"line":66,"column":null}},"type":"if","locations":[{"start":{"line":64,"column":8},"end":{"line":66,"column":null}}]},"17":{"loc":{"start":{"line":69,"column":8},"end":{"line":71,"column":null}},"type":"if","locations":[{"start":{"line":69,"column":8},"end":{"line":71,"column":null}}]},"18":{"loc":{"start":{"line":69,"column":12},"end":{"line":69,"column":70}},"type":"binary-expr","locations":[{"start":{"line":69,"column":12},"end":{"line":69,"column":30}},{"start":{"line":69,"column":35},"end":{"line":69,"column":39}},{"start":{"line":69,"column":43},"end":{"line":69,"column":69}}]},"19":{"loc":{"start":{"line":72,"column":8},"end":{"line":74,"column":null}},"type":"if","locations":[{"start":{"line":72,"column":8},"end":{"line":74,"column":null}}]},"20":{"loc":{"start":{"line":83,"column":2},"end":{"line":90,"column":null}},"type":"if","locations":[{"start":{"line":83,"column":2},"end":{"line":90,"column":null}}]},"21":{"loc":{"start":{"line":84,"column":19},"end":{"line":88,"column":42}},"type":"cond-expr","locations":[{"start":{"line":85,"column":8},"end":{"line":85,"column":24}},{"start":{"line":86,"column":8},"end":{"line":88,"column":42}}]},"22":{"loc":{"start":{"line":86,"column":8},"end":{"line":88,"column":42}},"type":"cond-expr","locations":[{"start":{"line":87,"column":10},"end":{"line":87,"column":21}},{"start":{"line":88,"column":24},"end":{"line":88,"column":42}}]}},"s":{"0":1,"1":1,"2":1,"3":1,"4":1,"5":1,"6":163,"7":1,"8":47,"9":2,"10":2,"11":2,"12":2,"13":47,"14":1,"15":46,"16":40,"17":40,"18":40,"19":38,"20":38,"21":38,"22":38,"23":38,"24":38,"25":38,"26":2,"27":36,"28":39,"29":36,"30":13,"31":36,"32":36,"33":38,"34":38,"35":120,"36":120,"37":205,"38":205,"39":205,"40":2498,"41":2498,"42":0,"43":2498,"44":2887,"45":2498,"46":188,"47":2498,"48":1161,"49":120,"50":120,"51":38,"52":32,"53":32,"54":38,"55":1174,"56":38,"57":1},"f":{"0":5,"1":47,"2":1,"3":39,"4":2887,"5":1174},"b":{"0":[47],"1":[100,102],"2":[51,51,49],"3":[1],"4":[2],"5":[45],"6":[44],"7":[1],"8":[44],"9":[2,36],"10":[38,2],"11":[13],"12":[36,36],"13":[36],"14":[36,23],"15":[158,21,148],"16":[0],"17":[188],"18":[2498,190,126],"19":[1161],"20":[32],"21":[1,31],"22":[1,30]}}
,"/Users/zane/playground/find-plus/src/lib/add-implied-tests.mjs": {"path":"/Users/zane/playground/find-plus/src/lib/add-implied-tests.mjs","statementMap":{"0":{"start":{"line":1,"column":0},"end":{"line":1,"column":null}},"1":{"start":{"line":3,"column":0},"end":{"line":3,"column":37}},"2":{"start":{"line":3,"column":37},"end":{"line":3,"column":null}},"3":{"start":{"line":5,"column":24},"end":{"line":102,"column":1}},"4":{"start":{"line":29,"column":2},"end":{"line":31,"column":null}},"5":{"start":{"line":30,"column":4},"end":{"line":30,"column":null}},"6":{"start":{"line":30,"column":38},"end":{"line":30,"column":57}},"7":{"start":{"line":33,"column":2},"end":{"line":53,"column":null}},"8":{"start":{"line":34,"column":4},"end":{"line":34,"column":null}},"9":{"start":{"line":34,"column":27},"end":{"line":34,"column":42}},"10":{"start":{"line":36,"column":7},"end":{"line":53,"column":null}},"11":{"start":{"line":37,"column":4},"end":{"line":37,"column":null}},"12":{"start":{"line":37,"column":27},"end":{"line":37,"column":37}},"13":{"start":{"line":39,"column":7},"end":{"line":53,"column":null}},"14":{"start":{"line":40,"column":4},"end":{"line":40,"column":null}},"15":{"start":{"line":40,"column":27},"end":{"line":40,"column":44}},"16":{"start":{"line":42,"column":7},"end":{"line":53,"column":null}},"17":{"start":{"line":43,"column":4},"end":{"line":43,"column":null}},"18":{"start":{"line":43,"column":27},"end":{"line":43,"column":48}},"19":{"start":{"line":45,"column":7},"end":{"line":53,"column":null}},"20":{"start":{"line":46,"column":4},"end":{"line":46,"column":null}},"21":{"start":{"line":46,"column":27},"end":{"line":46,"column":37}},"22":{"start":{"line":48,"column":7},"end":{"line":53,"column":null}},"23":{"start":{"line":49,"column":4},"end":{"line":49,"column":null}},"24":{"start":{"line":49,"column":27},"end":{"line":49,"column":39}},"25":{"start":{"line":51,"column":7},"end":{"line":53,"column":null}},"26":{"start":{"line":52,"column":4},"end":{"line":52,"column":null}},"27":{"start":{"line":52,"column":27},"end":{"line":52,"column":45}},"28":{"start":{"line":55,"column":2},"end":{"line":57,"column":null}},"29":{"start":{"line":56,"column":4},"end":{"line":56,"column":null}},"30":{"start":{"line":56,"column":27},"end":{"line":56,"column":43}},"31":{"start":{"line":58,"column":2},"end":{"line":60,"column":null}},"32":{"start":{"line":59,"column":4},"end":{"line":59,"column":null}},"33":{"start":{"line":59,"column":27},"end":{"line":59,"column":38}},"34":{"start":{"line":61,"column":2},"end":{"line":63,"column":null}},"35":{"start":{"line":62,"column":4},"end":{"line":62,"column":null}},"36":{"start":{"line":62,"column":27},"end":{"line":62,"column":45}},"37":{"start":{"line":64,"column":2},"end":{"line":66,"column":null}},"38":{"start":{"line":65,"column":4},"end":{"line":65,"column":null}},"39":{"start":{"line":65,"column":27},"end":{"line":65,"column":49}},"40":{"start":{"line":67,"column":2},"end":{"line":69,"column":null}},"41":{"start":{"line":68,"column":4},"end":{"line":68,"column":null}},"42":{"start":{"line":68,"column":27},"end":{"line":68,"column":38}},"43":{"start":{"line":70,"column":2},"end":{"line":72,"column":null}},"44":{"start":{"line":71,"column":4},"end":{"line":71,"column":null}},"45":{"start":{"line":71,"column":27},"end":{"line":71,"column":40}},"46":{"start":{"line":73,"column":2},"end":{"line":75,"column":null}},"47":{"start":{"line":74,"column":4},"end":{"line":74,"column":null}},"48":{"start":{"line":74,"column":27},"end":{"line":74,"column":46}},"49":{"start":{"line":77,"column":2},"end":{"line":77,"column":null}},"50":{"start":{"line":79,"column":2},"end":{"line":89,"column":null}},"51":{"start":{"line":80,"column":4},"end":{"line":88,"column":null}},"52":{"start":{"line":81,"column":6},"end":{"line":87,"column":null}},"53":{"start":{"line":82,"column":25},"end":{"line":82,"column":45}},"54":{"start":{"line":83,"column":32},"end":{"line":85,"column":34}},"55":{"start":{"line":86,"column":8},"end":{"line":86,"column":null}},"56":{"start":{"line":91,"column":2},"end":{"line":101,"column":null}},"57":{"start":{"line":92,"column":4},"end":{"line":100,"column":null}},"58":{"start":{"line":93,"column":6},"end":{"line":99,"column":null}},"59":{"start":{"line":94,"column":25},"end":{"line":94,"column":45}},"60":{"start":{"line":95,"column":32},"end":{"line":97,"column":34}},"61":{"start":{"line":98,"column":8},"end":{"line":98,"column":null}},"62":{"start":{"line":102,"column":1},"end":{"line":102,"column":null}},"63":{"start":{"line":104,"column":22},"end":{"line":112,"column":1}},"64":{"start":{"line":105,"column":25},"end":{"line":105,"column":31}},"65":{"start":{"line":106,"column":17},"end":{"line":106,"column":43}},"66":{"start":{"line":107,"column":2},"end":{"line":109,"column":null}},"67":{"start":{"line":108,"column":4},"end":{"line":108,"column":null}},"68":{"start":{"line":111,"column":2},"end":{"line":111,"column":null}}},"fnMap":{"0":{"name":"_getRequireWildcardCache","decl":{"start":{"line":3,"column":37},"end":{"line":3,"column":null}},"loc":{"start":{"line":3,"column":37},"end":{"line":3,"column":null}}},"1":{"name":"(anonymous_3)","decl":{"start":{"line":5,"column":24},"end":{"line":5,"column":25}},"loc":{"start":{"line":28,"column":6},"end":{"line":102,"column":1}}},"2":{"name":"(anonymous_4)","decl":{"start":{"line":30,"column":20},"end":{"line":30,"column":21}},"loc":{"start":{"line":30,"column":38},"end":{"line":30,"column":57}}},"3":{"name":"(anonymous_5)","decl":{"start":{"line":34,"column":21},"end":{"line":34,"column":22}},"loc":{"start":{"line":34,"column":27},"end":{"line":34,"column":42}}},"4":{"name":"(anonymous_6)","decl":{"start":{"line":37,"column":21},"end":{"line":37,"column":22}},"loc":{"start":{"line":37,"column":27},"end":{"line":37,"column":37}}},"5":{"name":"(anonymous_7)","decl":{"start":{"line":40,"column":21},"end":{"line":40,"column":22}},"loc":{"start":{"line":40,"column":27},"end":{"line":40,"column":44}}},"6":{"name":"(anonymous_8)","decl":{"start":{"line":43,"column":21},"end":{"line":43,"column":22}},"loc":{"start":{"line":43,"column":27},"end":{"line":43,"column":48}}},"7":{"name":"(anonymous_9)","decl":{"start":{"line":46,"column":21},"end":{"line":46,"column":22}},"loc":{"start":{"line":46,"column":27},"end":{"line":46,"column":37}}},"8":{"name":"(anonymous_10)","decl":{"start":{"line":49,"column":21},"end":{"line":49,"column":22}},"loc":{"start":{"line":49,"column":27},"end":{"line":49,"column":39}}},"9":{"name":"(anonymous_11)","decl":{"start":{"line":52,"column":21},"end":{"line":52,"column":22}},"loc":{"start":{"line":52,"column":27},"end":{"line":52,"column":45}}},"10":{"name":"(anonymous_12)","decl":{"start":{"line":56,"column":21},"end":{"line":56,"column":22}},"loc":{"start":{"line":56,"column":27},"end":{"line":56,"column":43}}},"11":{"name":"(anonymous_13)","decl":{"start":{"line":59,"column":21},"end":{"line":59,"column":22}},"loc":{"start":{"line":59,"column":27},"end":{"line":59,"column":38}}},"12":{"name":"(anonymous_14)","decl":{"start":{"line":62,"column":21},"end":{"line":62,"column":22}},"loc":{"start":{"line":62,"column":27},"end":{"line":62,"column":45}}},"13":{"name":"(anonymous_15)","decl":{"start":{"line":65,"column":21},"end":{"line":65,"column":22}},"loc":{"start":{"line":65,"column":27},"end":{"line":65,"column":49}}},"14":{"name":"(anonymous_16)","decl":{"start":{"line":68,"column":21},"end":{"line":68,"column":22}},"loc":{"start":{"line":68,"column":27},"end":{"line":68,"column":38}}},"15":{"name":"(anonymous_17)","decl":{"start":{"line":71,"column":21},"end":{"line":71,"column":22}},"loc":{"start":{"line":71,"column":27},"end":{"line":71,"column":40}}},"16":{"name":"(anonymous_18)","decl":{"start":{"line":74,"column":21},"end":{"line":74,"column":22}},"loc":{"start":{"line":74,"column":27},"end":{"line":74,"column":46}}},"17":{"name":"(anonymous_19)","decl":{"start":{"line":81,"column":23},"end":{"line":81,"column":29}},"loc":{"start":{"line":81,"column":34},"end":{"line":87,"column":7}}},"18":{"name":"(anonymous_20)","decl":{"start":{"line":93,"column":23},"end":{"line":93,"column":29}},"loc":{"start":{"line":93,"column":34},"end":{"line":99,"column":7}}},"19":{"name":"(anonymous_21)","decl":{"start":{"line":104,"column":22},"end":{"line":104,"column":28}},"loc":{"start":{"line":104,"column":33},"end":{"line":112,"column":1}}}},"branchMap":{"0":{"loc":{"start":{"line":3,"column":37},"end":{"line":3,"column":null}},"type":"if","locations":[{"start":{"line":3,"column":37},"end":{"line":3,"column":null}}]},"1":{"loc":{"start":{"line":3,"column":37},"end":{"line":3,"column":null}},"type":"cond-expr","locations":[{"start":{"line":3,"column":37},"end":{"line":3,"column":null}},{"start":{"line":3,"column":37},"end":{"line":3,"column":null}}]},"2":{"loc":{"start":{"line":3,"column":37},"end":{"line":3,"column":null}},"type":"binary-expr","locations":[{"start":{"line":3,"column":37},"end":{"line":3,"column":null}},{"start":{"line":3,"column":37},"end":{"line":3,"column":null}},{"start":{"line":3,"column":37},"end":{"line":3,"column":null}}]},"3":{"loc":{"start":{"line":27,"column":2},"end":{"line":27,"column":null}},"type":"default-arg","locations":[{"start":{"line":27,"column":9},"end":{"line":27,"column":null}}]},"4":{"loc":{"start":{"line":29,"column":2},"end":{"line":31,"column":null}},"type":"if","locations":[{"start":{"line":29,"column":2},"end":{"line":31,"column":null}}]},"5":{"loc":{"start":{"line":33,"column":2},"end":{"line":53,"column":null}},"type":"if","locations":[{"start":{"line":33,"column":2},"end":{"line":53,"column":null}},{"start":{"line":36,"column":7},"end":{"line":53,"column":null}}]},"6":{"loc":{"start":{"line":36,"column":7},"end":{"line":53,"column":null}},"type":"if","locations":[{"start":{"line":36,"column":7},"end":{"line":53,"column":null}},{"start":{"line":39,"column":7},"end":{"line":53,"column":null}}]},"7":{"loc":{"start":{"line":39,"column":7},"end":{"line":53,"column":null}},"type":"if","locations":[{"start":{"line":39,"column":7},"end":{"line":53,"column":null}},{"start":{"line":42,"column":7},"end":{"line":53,"column":null}}]},"8":{"loc":{"start":{"line":42,"column":7},"end":{"line":53,"column":null}},"type":"if","locations":[{"start":{"line":42,"column":7},"end":{"line":53,"column":null}},{"start":{"line":45,"column":7},"end":{"line":53,"column":null}}]},"9":{"loc":{"start":{"line":45,"column":7},"end":{"line":53,"column":null}},"type":"if","locations":[{"start":{"line":45,"column":7},"end":{"line":53,"column":null}},{"start":{"line":48,"column":7},"end":{"line":53,"column":null}}]},"10":{"loc":{"start":{"line":48,"column":7},"end":{"line":53,"column":null}},"type":"if","locations":[{"start":{"line":48,"column":7},"end":{"line":53,"column":null}},{"start":{"line":51,"column":7},"end":{"line":53,"column":null}}]},"11":{"loc":{"start":{"line":51,"column":7},"end":{"line":53,"column":null}},"type":"if","locations":[{"start":{"line":51,"column":7},"end":{"line":53,"column":null}}]},"12":{"loc":{"start":{"line":55,"column":2},"end":{"line":57,"column":null}},"type":"if","locations":[{"start":{"line":55,"column":2},"end":{"line":57,"column":null}}]},"13":{"loc":{"start":{"line":58,"column":2},"end":{"line":60,"column":null}},"type":"if","locations":[{"start":{"line":58,"column":2},"end":{"line":60,"column":null}}]},"14":{"loc":{"start":{"line":61,"column":2},"end":{"line":63,"column":null}},"type":"if","locations":[{"start":{"line":61,"column":2},"end":{"line":63,"column":null}}]},"15":{"loc":{"start":{"line":64,"column":2},"end":{"line":66,"column":null}},"type":"if","locations":[{"start":{"line":64,"column":2},"end":{"line":66,"column":null}}]},"16":{"loc":{"start":{"line":67,"column":2},"end":{"line":69,"column":null}},"type":"if","locations":[{"start":{"line":67,"column":2},"end":{"line":69,"column":null}}]},"17":{"loc":{"start":{"line":70,"column":2},"end":{"line":72,"column":null}},"type":"if","locations":[{"start":{"line":70,"column":2},"end":{"line":72,"column":null}}]},"18":{"loc":{"start":{"line":73,"column":2},"end":{"line":75,"column":null}},"type":"if","locations":[{"start":{"line":73,"column":2},"end":{"line":75,"column":null}}]},"19":{"loc":{"start":{"line":79,"column":2},"end":{"line":89,"column":null}},"type":"if","locations":[{"start":{"line":79,"column":2},"end":{"line":89,"column":null}}]},"20":{"loc":{"start":{"line":83,"column":32},"end":{"line":85,"column":34}},"type":"cond-expr","locations":[{"start":{"line":84,"column":12},"end":{"line":84,"column":21}},{"start":{"line":85,"column":13},"end":{"line":85,"column":34}}]},"21":{"loc":{"start":{"line":91,"column":2},"end":{"line":101,"column":null}},"type":"if","locations":[{"start":{"line":91,"column":2},"end":{"line":101,"column":null}}]},"22":{"loc":{"start":{"line":95,"column":32},"end":{"line":97,"column":34}},"type":"cond-expr","locations":[{"start":{"line":96,"column":12},"end":{"line":96,"column":21}},{"start":{"line":97,"column":13},"end":{"line":97,"column":34}}]},"23":{"loc":{"start":{"line":107,"column":2},"end":{"line":109,"column":null}},"type":"if","locations":[{"start":{"line":107,"column":2},"end":{"line":109,"column":null}}]}},"s":{"0":1,"1":1,"2":61,"3":1,"4":40,"5":2,"6":9,"7":40,"8":7,"9":54,"10":33,"11":3,"12":36,"13":30,"14":1,"15":356,"16":29,"17":1,"18":356,"19":28,"20":1,"21":4,"22":27,"23":0,"24":0,"25":27,"26":1,"27":4,"28":40,"29":1,"30":6,"31":40,"32":1,"33":6,"34":40,"35":2,"36":383,"37":40,"38":2,"39":712,"40":40,"41":2,"42":360,"43":40,"44":1,"45":356,"46":40,"47":1,"48":4,"49":40,"50":40,"51":12,"52":12,"53":246,"54":246,"55":246,"56":40,"57":1,"58":1,"59":19,"60":19,"61":19,"62":1,"63":1,"64":265,"65":265,"66":265,"67":132,"68":265},"f":{"0":3,"1":40,"2":9,"3":54,"4":36,"5":356,"6":356,"7":4,"8":0,"9":4,"10":6,"11":6,"12":383,"13":712,"14":360,"15":356,"16":4,"17":246,"18":19,"19":265},"b":{"0":[16],"1":[35,36],"2":[18,18,17],"3":[0],"4":[2],"5":[7,33],"6":[3,30],"7":[1,29],"8":[1,28],"9":[1,27],"10":[0,27],"11":[1],"12":[1],"13":[1],"14":[2],"15":[2],"16":[2],"17":[1],"18":[1],"19":[12],"20":[19,227],"21":[1],"22":[0,19],"23":[132]}}
,"/Users/zane/playground/find-plus/src/lib/check-root.mjs": {"path":"/Users/zane/playground/find-plus/src/lib/check-root.mjs","statementMap":{"0":{"start":{"line":1,"column":0},"end":{"line":1,"column":null}},"1":{"start":{"line":3,"column":18},"end":{"line":15,"column":1}},"2":{"start":{"line":4,"column":19},"end":{"line":4,"column":61}},"3":{"start":{"line":5,"column":2},"end":{"line":12,"column":null}},"4":{"start":{"line":6,"column":14},"end":{"line":6,"column":66}},"5":{"start":{"line":7,"column":4},"end":{"line":7,"column":null}},"6":{"start":{"line":8,"column":4},"end":{"line":8,"column":null}},"7":{"start":{"line":10,"column":7},"end":{"line":12,"column":null}},"8":{"start":{"line":11,"column":4},"end":{"line":11,"column":null}},"9":{"start":{"line":14,"column":2},"end":{"line":14,"column":null}},"10":{"start":{"line":15,"column":1},"end":{"line":15,"column":null}}},"fnMap":{"0":{"name":"(anonymous_0)","decl":{"start":{"line":3,"column":18},"end":{"line":3,"column":19}},"loc":{"start":{"line":3,"column":32},"end":{"line":15,"column":1}}}},"branchMap":{"0":{"loc":{"start":{"line":5,"column":2},"end":{"line":12,"column":null}},"type":"if","locations":[{"start":{"line":5,"column":2},"end":{"line":12,"column":null}},{"start":{"line":10,"column":7},"end":{"line":12,"column":null}}]},"1":{"loc":{"start":{"line":10,"column":7},"end":{"line":12,"column":null}},"type":"if","locations":[{"start":{"line":10,"column":7},"end":{"line":12,"column":null}}]}},"s":{"0":1,"1":1,"2":40,"3":40,"4":1,"5":1,"6":1,"7":39,"8":1,"9":38,"10":1},"f":{"0":40},"b":{"0":[1,39],"1":[1]}}
,"/Users/zane/playground/find-plus/src/lib/sorters.mjs": {"path":"/Users/zane/playground/find-plus/src/lib/sorters.mjs","statementMap":{"0":{"start":{"line":1,"column":0},"end":{"line":1,"column":35}},"1":{"start":{"line":1,"column":35},"end":{"line":1,"column":null}},"2":{"start":{"line":3,"column":27},"end":{"line":9,"column":1}},"3":{"start":{"line":4,"column":15},"end":{"line":4,"column":69}},"4":{"start":{"line":5,"column":15},"end":{"line":5,"column":69}},"5":{"start":{"line":7,"column":18},"end":{"line":7,"column":42}},"6":{"start":{"line":8,"column":2},"end":{"line":8,"column":null}},"7":{"start":{"line":9,"column":1},"end":{"line":9,"column":null}},"8":{"start":{"line":11,"column":25},"end":{"line":22,"column":1}},"9":{"start":{"line":12,"column":2},"end":{"line":21,"column":null}},"10":{"start":{"line":13,"column":4},"end":{"line":13,"column":null}},"11":{"start":{"line":15,"column":7},"end":{"line":21,"column":null}},"12":{"start":{"line":16,"column":4},"end":{"line":16,"column":null}},"13":{"start":{"line":19,"column":24},"end":{"line":19,"column":52}},"14":{"start":{"line":20,"column":4},"end":{"line":20,"column":null}},"15":{"start":{"line":22,"column":1},"end":{"line":22,"column":null}},"16":{"start":{"line":24,"column":20},"end":{"line":29,"column":1}},"17":{"start":{"line":25,"column":16},"end":{"line":25,"column":43}},"18":{"start":{"line":26,"column":16},"end":{"line":26,"column":43}},"19":{"start":{"line":28,"column":2},"end":{"line":28,"column":null}},"20":{"start":{"line":29,"column":1},"end":{"line":29,"column":null}}},"fnMap":{"0":{"name":"_getRequireWildcardCache","decl":{"start":{"line":1,"column":35},"end":{"line":1,"column":null}},"loc":{"start":{"line":1,"column":35},"end":{"line":1,"column":null}}},"1":{"name":"(anonymous_3)","decl":{"start":{"line":3,"column":27},"end":{"line":3,"column":28}},"loc":{"start":{"line":3,"column":37},"end":{"line":9,"column":1}}},"2":{"name":"(anonymous_4)","decl":{"start":{"line":11,"column":25},"end":{"line":11,"column":26}},"loc":{"start":{"line":11,"column":35},"end":{"line":22,"column":1}}},"3":{"name":"(anonymous_5)","decl":{"start":{"line":24,"column":20},"end":{"line":24,"column":21}},"loc":{"start":{"line":24,"column":30},"end":{"line":29,"column":1}}}},"branchMap":{"0":{"loc":{"start":{"line":1,"column":35},"end":{"line":1,"column":null}},"type":"if","locations":[{"start":{"line":1,"column":35},"end":{"line":1,"column":null}}]},"1":{"loc":{"start":{"line":1,"column":35},"end":{"line":1,"column":null}},"type":"cond-expr","locations":[{"start":{"line":1,"column":35},"end":{"line":1,"column":null}},{"start":{"line":1,"column":35},"end":{"line":1,"column":null}}]},"2":{"loc":{"start":{"line":1,"column":35},"end":{"line":1,"column":null}},"type":"binary-expr","locations":[{"start":{"line":1,"column":35},"end":{"line":1,"column":null}},{"start":{"line":1,"column":35},"end":{"line":1,"column":null}},{"start":{"line":1,"column":35},"end":{"line":1,"column":null}}]},"3":{"loc":{"start":{"line":4,"column":15},"end":{"line":4,"column":69}},"type":"cond-expr","locations":[{"start":{"line":4,"column":33},"end":{"line":4,"column":60}},{"start":{"line":4,"column":63},"end":{"line":4,"column":69}}]},"4":{"loc":{"start":{"line":5,"column":15},"end":{"line":5,"column":69}},"type":"cond-expr","locations":[{"start":{"line":5,"column":33},"end":{"line":5,"column":60}},{"start":{"line":5,"column":63},"end":{"line":5,"column":69}}]},"5":{"loc":{"start":{"line":8,"column":9},"end":{"line":8,"column":63}},"type":"cond-expr","locations":[{"start":{"line":8,"column":25},"end":{"line":8,"column":32}},{"start":{"line":8,"column":35},"end":{"line":8,"column":63}}]},"6":{"loc":{"start":{"line":12,"column":2},"end":{"line":21,"column":null}},"type":"if","locations":[{"start":{"line":12,"column":2},"end":{"line":21,"column":null}},{"start":{"line":15,"column":7},"end":{"line":21,"column":null}}]},"7":{"loc":{"start":{"line":15,"column":7},"end":{"line":21,"column":null}},"type":"if","locations":[{"start":{"line":15,"column":7},"end":{"line":21,"column":null}},{"start":{"line":18,"column":7},"end":{"line":21,"column":null}}]},"8":{"loc":{"start":{"line":20,"column":11},"end":{"line":20,"column":63}},"type":"cond-expr","locations":[{"start":{"line":20,"column":31},"end":{"line":20,"column":32}},{"start":{"line":20,"column":35},"end":{"line":20,"column":63}}]}},"s":{"0":1,"1":61,"2":1,"3":1672,"4":1672,"5":1672,"6":1672,"7":1,"8":1,"9":4,"10":0,"11":4,"12":3,"13":1,"14":1,"15":1,"16":1,"17":8,"18":8,"19":8,"20":1},"f":{"0":3,"1":1672,"2":4,"3":8},"b":{"0":[16],"1":[35,36],"2":[18,18,17],"3":[79,1593],"4":[255,1417],"5":[222,1450],"6":[0,4],"7":[3,1],"8":[0,1]}}
,"/Users/zane/playground/find-plus/src/lib/verify-params.mjs": {"path":"/Users/zane/playground/find-plus/src/lib/verify-params.mjs","statementMap":{"0":{"start":{"line":1,"column":19},"end":{"line":1,"column":56}},"1":{"start":{"line":3,"column":21},"end":{"line":65,"column":1}},"2":{"start":{"line":24,"column":2},"end":{"line":26,"column":null}},"3":{"start":{"line":25,"column":4},"end":{"line":25,"column":null}},"4":{"start":{"line":27,"column":18},"end":{"line":27,"column":19}},"5":{"start":{"line":28,"column":2},"end":{"line":40,"column":null}},"6":{"start":{"line":37,"column":4},"end":{"line":39,"column":null}},"7":{"start":{"line":38,"column":6},"end":{"line":38,"column":null}},"8":{"start":{"line":41,"column":2},"end":{"line":43,"column":null}},"9":{"start":{"line":42,"column":4},"end":{"line":42,"column":null}},"10":{"start":{"line":44,"column":2},"end":{"line":46,"column":null}},"11":{"start":{"line":45,"column":4},"end":{"line":45,"column":null}},"12":{"start":{"line":47,"column":2},"end":{"line":49,"column":null}},"13":{"start":{"line":48,"column":4},"end":{"line":48,"column":null}},"14":{"start":{"line":51,"column":16},"end":{"line":51,"column":17}},"15":{"start":{"line":52,"column":18},"end":{"line":52,"column":108}},"16":{"start":{"line":53,"column":2},"end":{"line":57,"column":null}},"17":{"start":{"line":54,"column":4},"end":{"line":56,"column":null}},"18":{"start":{"line":55,"column":6},"end":{"line":55,"column":null}},"19":{"start":{"line":58,"column":2},"end":{"line":60,"column":null}},"20":{"start":{"line":59,"column":4},"end":{"line":59,"column":null}},"21":{"start":{"line":62,"column":2},"end":{"line":64,"column":null}},"22":{"start":{"line":63,"column":4},"end":{"line":63,"column":null}},"23":{"start":{"line":65,"column":1},"end":{"line":65,"column":null}}},"fnMap":{"0":{"name":"(anonymous_0)","decl":{"start":{"line":3,"column":21},"end":{"line":3,"column":22}},"loc":{"start":{"line":22,"column":6},"end":{"line":65,"column":1}}}},"branchMap":{"0":{"loc":{"start":{"line":24,"column":2},"end":{"line":26,"column":null}},"type":"if","locations":[{"start":{"line":24,"column":2},"end":{"line":26,"column":null}}]},"1":{"loc":{"start":{"line":24,"column":6},"end":{"line":24,"column":45}},"type":"binary-expr","locations":[{"start":{"line":24,"column":6},"end":{"line":24,"column":22}},{"start":{"line":24,"column":26},"end":{"line":24,"column":45}}]},"2":{"loc":{"start":{"line":37,"column":4},"end":{"line":39,"column":null}},"type":"if","locations":[{"start":{"line":37,"column":4},"end":{"line":39,"column":null}}]},"3":{"loc":{"start":{"line":41,"column":2},"end":{"line":43,"column":null}},"type":"if","locations":[{"start":{"line":41,"column":2},"end":{"line":43,"column":null}}]},"4":{"loc":{"start":{"line":44,"column":2},"end":{"line":46,"column":null}},"type":"if","locations":[{"start":{"line":44,"column":2},"end":{"line":46,"column":null}}]},"5":{"loc":{"start":{"line":44,"column":6},"end":{"line":44,"column":69}},"type":"binary-expr","locations":[{"start":{"line":44,"column":6},"end":{"line":44,"column":19}},{"start":{"line":44,"column":23},"end":{"line":44,"column":48}},{"start":{"line":44,"column":52},"end":{"line":44,"column":69}}]},"6":{"loc":{"start":{"line":47,"column":2},"end":{"line":49,"column":null}},"type":"if","locations":[{"start":{"line":47,"column":2},"end":{"line":49,"column":null}}]},"7":{"loc":{"start":{"line":47,"column":6},"end":{"line":47,"column":50}},"type":"binary-expr","locations":[{"start":{"line":47,"column":6},"end":{"line":47,"column":21}},{"start":{"line":47,"column":25},"end":{"line":47,"column":50}}]},"8":{"loc":{"start":{"line":54,"column":4},"end":{"line":56,"column":null}},"type":"if","locations":[{"start":{"line":54,"column":4},"end":{"line":56,"column":null}}]},"9":{"loc":{"start":{"line":58,"column":2},"end":{"line":60,"column":null}},"type":"if","locations":[{"start":{"line":58,"column":2},"end":{"line":60,"column":null}}]},"10":{"loc":{"start":{"line":62,"column":2},"end":{"line":64,"column":null}},"type":"if","locations":[{"start":{"line":62,"column":2},"end":{"line":64,"column":null}}]},"11":{"loc":{"start":{"line":62,"column":6},"end":{"line":62,"column":54}},"type":"binary-expr","locations":[{"start":{"line":62,"column":6},"end":{"line":62,"column":24}},{"start":{"line":62,"column":28},"end":{"line":62,"column":54}}]}},"s":{"0":1,"1":1,"2":46,"3":1,"4":45,"5":45,"6":315,"7":17,"8":45,"9":1,"10":44,"11":1,"12":43,"13":1,"14":42,"15":42,"16":42,"17":294,"18":17,"19":42,"20":1,"21":41,"22":1,"23":1},"f":{"0":46},"b":{"0":[1],"1":[46,3],"2":[17],"3":[1],"4":[1],"5":[44,15,1],"6":[1],"7":[43,3],"8":[17],"9":[1],"10":[1],"11":[41,9]}}
}
